Analysis & Elaboration report for Problema1
Wed Apr 12 12:23:53 2023
Quartus Prime Version 20.1.0 Build 711 06/05/2020 SJ Lite Edition


---------------------
; Table of Contents ;
---------------------
  1. Legal Notice
  2. Analysis & Elaboration Summary
  3. Parallel Compilation
  4. Parameter Settings for User Entity Instance: ALU:ALU0
  5. Parameter Settings for User Entity Instance: ALU:ALU0|moduloAND:moduloAND0
  6. Parameter Settings for User Entity Instance: ALU:ALU0|moduloOR:moduloOR0
  7. Parameter Settings for User Entity Instance: ALU:ALU0|moduloXOR:moduloXOR0
  8. Parameter Settings for User Entity Instance: ALU:ALU0|moduloShiftL:moduloShiftL0
  9. Parameter Settings for User Entity Instance: ALU:ALU0|moduloShiftR:moduloShiftR0
 10. Parameter Settings for User Entity Instance: ALU:ALU0|moduloSuma:moduloSuma0
 11. Parameter Settings for User Entity Instance: ALU:ALU0|moduloResta:moduloResta0
 12. Parameter Settings for User Entity Instance: ALU:ALU0|moduloMultiplicacion:moduloMultiplicacion0
 13. Parameter Settings for User Entity Instance: ALU:ALU0|moduloDivision:moduloDivision0
 14. Parameter Settings for User Entity Instance: ALU:ALU0|moduloModulo:moduloModulo0
 15. Parameter Settings for User Entity Instance: ALU:ALU0|moduloControlOperaciones:moduloControlOperaciones0
 16. Parameter Settings for User Entity Instance: ALU:ALU0|moduloDisplayBanderas:moduloDisplayBanderas0
 17. Analysis & Elaboration Settings
 18. Analysis & Elaboration Messages



----------------
; Legal Notice ;
----------------
Copyright (C) 2020  Intel Corporation. All rights reserved.
Your use of Intel Corporation's design tools, logic functions 
and other software and tools, and any partner logic 
functions, and any output files from any of the foregoing 
(including device programming or simulation files), and any 
associated documentation or information are expressly subject 
to the terms and conditions of the Intel Program License 
Subscription Agreement, the Intel Quartus Prime License Agreement,
the Intel FPGA IP License Agreement, or other applicable license
agreement, including, without limitation, that your use is for
the sole purpose of programming logic devices manufactured by
Intel and sold by Intel or its authorized distributors.  Please
refer to the applicable agreement for further details, at
https://fpgasoftware.intel.com/eula.



+-----------------------------------------------------------------------------+
; Analysis & Elaboration Summary                                              ;
+-------------------------------+---------------------------------------------+
; Analysis & Elaboration Status ; Successful - Wed Apr 12 12:23:53 2023       ;
; Quartus Prime Version         ; 20.1.0 Build 711 06/05/2020 SJ Lite Edition ;
; Revision Name                 ; Problema1                                   ;
; Top-level Entity Name         ; Problema1                                   ;
; Family                        ; Cyclone V                                   ;
; Logic utilization (in ALMs)   ; N/A until Partition Merge                   ;
; Total registers               ; N/A until Partition Merge                   ;
; Total pins                    ; N/A until Partition Merge                   ;
; Total virtual pins            ; N/A until Partition Merge                   ;
; Total block memory bits       ; N/A until Partition Merge                   ;
; Total PLLs                    ; N/A until Partition Merge                   ;
; Total DLLs                    ; N/A until Partition Merge                   ;
+-------------------------------+---------------------------------------------+


+------------------------------------------+
; Parallel Compilation                     ;
+----------------------------+-------------+
; Processors                 ; Number      ;
+----------------------------+-------------+
; Number detected on machine ; 8           ;
; Maximum allowed            ; 8           ;
;                            ;             ;
; Average used               ; 1.00        ;
; Maximum used               ; 1           ;
;                            ;             ;
; Usage by Processor         ; % Time Used ;
;     Processor 1            ; 100.0%      ;
+----------------------------+-------------+


+-------------------------------------------------------+
; Parameter Settings for User Entity Instance: ALU:ALU0 ;
+----------------+-------+------------------------------+
; Parameter Name ; Value ; Type                         ;
+----------------+-------+------------------------------+
; cantidadBits   ; 5     ; Signed Integer               ;
+----------------+-------+------------------------------+
Note: In order to hide this table in the UI and the text report file, please set the "Show Parameter Settings in Synthesis Report" option in "Analysis and Synthesis Settings -> More Settings" to "Off".


+----------------------------------------------------------------------------+
; Parameter Settings for User Entity Instance: ALU:ALU0|moduloAND:moduloAND0 ;
+----------------+-------+---------------------------------------------------+
; Parameter Name ; Value ; Type                                              ;
+----------------+-------+---------------------------------------------------+
; cantidadBits   ; 4     ; Signed Integer                                    ;
+----------------+-------+---------------------------------------------------+
Note: In order to hide this table in the UI and the text report file, please set the "Show Parameter Settings in Synthesis Report" option in "Analysis and Synthesis Settings -> More Settings" to "Off".


+--------------------------------------------------------------------------+
; Parameter Settings for User Entity Instance: ALU:ALU0|moduloOR:moduloOR0 ;
+----------------+-------+-------------------------------------------------+
; Parameter Name ; Value ; Type                                            ;
+----------------+-------+-------------------------------------------------+
; cantidadBits   ; 4     ; Signed Integer                                  ;
+----------------+-------+-------------------------------------------------+
Note: In order to hide this table in the UI and the text report file, please set the "Show Parameter Settings in Synthesis Report" option in "Analysis and Synthesis Settings -> More Settings" to "Off".


+----------------------------------------------------------------------------+
; Parameter Settings for User Entity Instance: ALU:ALU0|moduloXOR:moduloXOR0 ;
+----------------+-------+---------------------------------------------------+
; Parameter Name ; Value ; Type                                              ;
+----------------+-------+---------------------------------------------------+
; cantidadBits   ; 4     ; Signed Integer                                    ;
+----------------+-------+---------------------------------------------------+
Note: In order to hide this table in the UI and the text report file, please set the "Show Parameter Settings in Synthesis Report" option in "Analysis and Synthesis Settings -> More Settings" to "Off".


+----------------------------------------------------------------------------------+
; Parameter Settings for User Entity Instance: ALU:ALU0|moduloShiftL:moduloShiftL0 ;
+----------------+-------+---------------------------------------------------------+
; Parameter Name ; Value ; Type                                                    ;
+----------------+-------+---------------------------------------------------------+
; cantidadBits   ; 4     ; Signed Integer                                          ;
+----------------+-------+---------------------------------------------------------+
Note: In order to hide this table in the UI and the text report file, please set the "Show Parameter Settings in Synthesis Report" option in "Analysis and Synthesis Settings -> More Settings" to "Off".


+----------------------------------------------------------------------------------+
; Parameter Settings for User Entity Instance: ALU:ALU0|moduloShiftR:moduloShiftR0 ;
+----------------+-------+---------------------------------------------------------+
; Parameter Name ; Value ; Type                                                    ;
+----------------+-------+---------------------------------------------------------+
; cantidadBits   ; 4     ; Signed Integer                                          ;
+----------------+-------+---------------------------------------------------------+
Note: In order to hide this table in the UI and the text report file, please set the "Show Parameter Settings in Synthesis Report" option in "Analysis and Synthesis Settings -> More Settings" to "Off".


+------------------------------------------------------------------------------+
; Parameter Settings for User Entity Instance: ALU:ALU0|moduloSuma:moduloSuma0 ;
+----------------+-------+-----------------------------------------------------+
; Parameter Name ; Value ; Type                                                ;
+----------------+-------+-----------------------------------------------------+
; cantidadBits   ; 5     ; Signed Integer                                      ;
+----------------+-------+-----------------------------------------------------+
Note: In order to hide this table in the UI and the text report file, please set the "Show Parameter Settings in Synthesis Report" option in "Analysis and Synthesis Settings -> More Settings" to "Off".


+--------------------------------------------------------------------------------+
; Parameter Settings for User Entity Instance: ALU:ALU0|moduloResta:moduloResta0 ;
+----------------+-------+-------------------------------------------------------+
; Parameter Name ; Value ; Type                                                  ;
+----------------+-------+-------------------------------------------------------+
; cantidadBits   ; 5     ; Signed Integer                                        ;
+----------------+-------+-------------------------------------------------------+
Note: In order to hide this table in the UI and the text report file, please set the "Show Parameter Settings in Synthesis Report" option in "Analysis and Synthesis Settings -> More Settings" to "Off".


+--------------------------------------------------------------------------------------------------+
; Parameter Settings for User Entity Instance: ALU:ALU0|moduloMultiplicacion:moduloMultiplicacion0 ;
+----------------+-------+-------------------------------------------------------------------------+
; Parameter Name ; Value ; Type                                                                    ;
+----------------+-------+-------------------------------------------------------------------------+
; cantidadBits   ; 5     ; Signed Integer                                                          ;
+----------------+-------+-------------------------------------------------------------------------+
Note: In order to hide this table in the UI and the text report file, please set the "Show Parameter Settings in Synthesis Report" option in "Analysis and Synthesis Settings -> More Settings" to "Off".


+--------------------------------------------------------------------------------------+
; Parameter Settings for User Entity Instance: ALU:ALU0|moduloDivision:moduloDivision0 ;
+----------------+-------+-------------------------------------------------------------+
; Parameter Name ; Value ; Type                                                        ;
+----------------+-------+-------------------------------------------------------------+
; cantidadBits   ; 5     ; Signed Integer                                              ;
+----------------+-------+-------------------------------------------------------------+
Note: In order to hide this table in the UI and the text report file, please set the "Show Parameter Settings in Synthesis Report" option in "Analysis and Synthesis Settings -> More Settings" to "Off".


+----------------------------------------------------------------------------------+
; Parameter Settings for User Entity Instance: ALU:ALU0|moduloModulo:moduloModulo0 ;
+----------------+-------+---------------------------------------------------------+
; Parameter Name ; Value ; Type                                                    ;
+----------------+-------+---------------------------------------------------------+
; cantidadBits   ; 5     ; Signed Integer                                          ;
+----------------+-------+---------------------------------------------------------+
Note: In order to hide this table in the UI and the text report file, please set the "Show Parameter Settings in Synthesis Report" option in "Analysis and Synthesis Settings -> More Settings" to "Off".


+----------------------------------------------------------------------------------------------------------+
; Parameter Settings for User Entity Instance: ALU:ALU0|moduloControlOperaciones:moduloControlOperaciones0 ;
+----------------+-------+---------------------------------------------------------------------------------+
; Parameter Name ; Value ; Type                                                                            ;
+----------------+-------+---------------------------------------------------------------------------------+
; cantidadBits   ; 5     ; Signed Integer                                                                  ;
+----------------+-------+---------------------------------------------------------------------------------+
Note: In order to hide this table in the UI and the text report file, please set the "Show Parameter Settings in Synthesis Report" option in "Analysis and Synthesis Settings -> More Settings" to "Off".


+----------------------------------------------------------------------------------------------------+
; Parameter Settings for User Entity Instance: ALU:ALU0|moduloDisplayBanderas:moduloDisplayBanderas0 ;
+----------------+-------+---------------------------------------------------------------------------+
; Parameter Name ; Value ; Type                                                                      ;
+----------------+-------+---------------------------------------------------------------------------+
; cantidadBits   ; 5     ; Signed Integer                                                            ;
+----------------+-------+---------------------------------------------------------------------------+
Note: In order to hide this table in the UI and the text report file, please set the "Show Parameter Settings in Synthesis Report" option in "Analysis and Synthesis Settings -> More Settings" to "Off".


+---------------------------------------------------------------------------------------------------------------------------+
; Analysis & Elaboration Settings                                                                                           ;
+---------------------------------------------------------------------------------+--------------------+--------------------+
; Option                                                                          ; Setting            ; Default Value      ;
+---------------------------------------------------------------------------------+--------------------+--------------------+
; Device                                                                          ; 5CSEMA5F31C6       ;                    ;
; Top-level entity name                                                           ; Problema1          ; Problema1          ;
; Family name                                                                     ; Cyclone V          ; Cyclone V          ;
; Use smart compilation                                                           ; Off                ; Off                ;
; Enable parallel Assembler and Timing Analyzer during compilation                ; On                 ; On                 ;
; Enable compact report table                                                     ; Off                ; Off                ;
; Restructure Multiplexers                                                        ; Auto               ; Auto               ;
; MLAB Add Timing Constraints For Mixed-Port Feed-Through Mode Setting Don't Care ; Off                ; Off                ;
; Create Debugging Nodes for IP Cores                                             ; Off                ; Off                ;
; Preserve fewer node names                                                       ; On                 ; On                 ;
; Intel FPGA IP Evaluation Mode                                                   ; Enable             ; Enable             ;
; Verilog Version                                                                 ; Verilog_2001       ; Verilog_2001       ;
; VHDL Version                                                                    ; VHDL_1993          ; VHDL_1993          ;
; State Machine Processing                                                        ; Auto               ; Auto               ;
; Safe State Machine                                                              ; Off                ; Off                ;
; Extract Verilog State Machines                                                  ; On                 ; On                 ;
; Extract VHDL State Machines                                                     ; On                 ; On                 ;
; Ignore Verilog initial constructs                                               ; Off                ; Off                ;
; Iteration limit for constant Verilog loops                                      ; 5000               ; 5000               ;
; Iteration limit for non-constant Verilog loops                                  ; 250                ; 250                ;
; Add Pass-Through Logic to Inferred RAMs                                         ; On                 ; On                 ;
; Infer RAMs from Raw Logic                                                       ; On                 ; On                 ;
; Parallel Synthesis                                                              ; On                 ; On                 ;
; DSP Block Balancing                                                             ; Auto               ; Auto               ;
; NOT Gate Push-Back                                                              ; On                 ; On                 ;
; Power-Up Don't Care                                                             ; On                 ; On                 ;
; Remove Redundant Logic Cells                                                    ; Off                ; Off                ;
; Remove Duplicate Registers                                                      ; On                 ; On                 ;
; Ignore CARRY Buffers                                                            ; Off                ; Off                ;
; Ignore CASCADE Buffers                                                          ; Off                ; Off                ;
; Ignore GLOBAL Buffers                                                           ; Off                ; Off                ;
; Ignore ROW GLOBAL Buffers                                                       ; Off                ; Off                ;
; Ignore LCELL Buffers                                                            ; Off                ; Off                ;
; Ignore SOFT Buffers                                                             ; On                 ; On                 ;
; Limit AHDL Integers to 32 Bits                                                  ; Off                ; Off                ;
; Optimization Technique                                                          ; Balanced           ; Balanced           ;
; Carry Chain Length                                                              ; 70                 ; 70                 ;
; Auto Carry Chains                                                               ; On                 ; On                 ;
; Auto Open-Drain Pins                                                            ; On                 ; On                 ;
; Perform WYSIWYG Primitive Resynthesis                                           ; Off                ; Off                ;
; Auto ROM Replacement                                                            ; On                 ; On                 ;
; Auto RAM Replacement                                                            ; On                 ; On                 ;
; Auto DSP Block Replacement                                                      ; On                 ; On                 ;
; Auto Shift Register Replacement                                                 ; Auto               ; Auto               ;
; Allow Shift Register Merging across Hierarchies                                 ; Auto               ; Auto               ;
; Auto Clock Enable Replacement                                                   ; On                 ; On                 ;
; Strict RAM Replacement                                                          ; Off                ; Off                ;
; Allow Synchronous Control Signals                                               ; On                 ; On                 ;
; Force Use of Synchronous Clear Signals                                          ; Off                ; Off                ;
; Auto Resource Sharing                                                           ; Off                ; Off                ;
; Allow Any RAM Size For Recognition                                              ; Off                ; Off                ;
; Allow Any ROM Size For Recognition                                              ; Off                ; Off                ;
; Allow Any Shift Register Size For Recognition                                   ; Off                ; Off                ;
; Use LogicLock Constraints during Resource Balancing                             ; On                 ; On                 ;
; Ignore translate_off and synthesis_off directives                               ; Off                ; Off                ;
; Timing-Driven Synthesis                                                         ; On                 ; On                 ;
; Report Parameter Settings                                                       ; On                 ; On                 ;
; Report Source Assignments                                                       ; On                 ; On                 ;
; Report Connectivity Checks                                                      ; On                 ; On                 ;
; Ignore Maximum Fan-Out Assignments                                              ; Off                ; Off                ;
; Synchronization Register Chain Length                                           ; 3                  ; 3                  ;
; Power Optimization During Synthesis                                             ; Normal compilation ; Normal compilation ;
; HDL message level                                                               ; Level2             ; Level2             ;
; Suppress Register Optimization Related Messages                                 ; Off                ; Off                ;
; Number of Removed Registers Reported in Synthesis Report                        ; 5000               ; 5000               ;
; Number of Swept Nodes Reported in Synthesis Report                              ; 5000               ; 5000               ;
; Number of Inverted Registers Reported in Synthesis Report                       ; 100                ; 100                ;
; Clock MUX Protection                                                            ; On                 ; On                 ;
; Auto Gated Clock Conversion                                                     ; Off                ; Off                ;
; Block Design Naming                                                             ; Auto               ; Auto               ;
; SDC constraint protection                                                       ; Off                ; Off                ;
; Synthesis Effort                                                                ; Auto               ; Auto               ;
; Shift Register Replacement - Allow Asynchronous Clear Signal                    ; On                 ; On                 ;
; Pre-Mapping Resynthesis Optimization                                            ; Off                ; Off                ;
; Analysis & Synthesis Message Level                                              ; Medium             ; Medium             ;
; Disable Register Merging Across Hierarchies                                     ; Auto               ; Auto               ;
; Resource Aware Inference For Block RAM                                          ; On                 ; On                 ;
; Automatic Parallel Synthesis                                                    ; On                 ; On                 ;
; Partial Reconfiguration Bitstream ID                                            ; Off                ; Off                ;
+---------------------------------------------------------------------------------+--------------------+--------------------+


+---------------------------------+
; Analysis & Elaboration Messages ;
+---------------------------------+
Info: *******************************************************************
Info: Running Quartus Prime Analysis & Elaboration
    Info: Version 20.1.0 Build 711 06/05/2020 SJ Lite Edition
    Info: Processing started: Wed Apr 12 12:23:38 2023
Info: Command: quartus_map --read_settings_files=on --write_settings_files=off Problema1 -c Problema1 --analysis_and_elaboration
Warning (18236): Number of processors has not been specified which may cause overloading on shared machines.  Set the global assignment NUM_PARALLEL_PROCESSORS in your QSF to an appropriate value for best performance.
Info (20030): Parallel compilation is enabled and will use 8 of the 8 processors detected
Info (12021): Found 1 design units, including 1 entities, in source file moduloxor.sv
    Info (12023): Found entity 1: moduloXOR File: C:/Users/osaro/OneDrive/Escritorio/oaraya_computer_architecture_1_2023/laboratorio3/Problema1/moduloXOR.sv Line: 1
Info (12021): Found 1 design units, including 1 entities, in source file modulosuma.sv
    Info (12023): Found entity 1: moduloSuma File: C:/Users/osaro/OneDrive/Escritorio/oaraya_computer_architecture_1_2023/laboratorio3/Problema1/moduloSuma.sv Line: 1
Info (12021): Found 1 design units, including 1 entities, in source file moduloshiftr.sv
    Info (12023): Found entity 1: moduloShiftR File: C:/Users/osaro/OneDrive/Escritorio/oaraya_computer_architecture_1_2023/laboratorio3/Problema1/moduloShiftR.sv Line: 1
Info (12021): Found 1 design units, including 1 entities, in source file moduloshiftl.sv
    Info (12023): Found entity 1: moduloShiftL File: C:/Users/osaro/OneDrive/Escritorio/oaraya_computer_architecture_1_2023/laboratorio3/Problema1/moduloShiftL.sv Line: 1
Info (12021): Found 1 design units, including 1 entities, in source file moduloresta.sv
    Info (12023): Found entity 1: moduloResta File: C:/Users/osaro/OneDrive/Escritorio/oaraya_computer_architecture_1_2023/laboratorio3/Problema1/moduloResta.sv Line: 1
Info (12021): Found 1 design units, including 1 entities, in source file moduloor.sv
    Info (12023): Found entity 1: moduloOR File: C:/Users/osaro/OneDrive/Escritorio/oaraya_computer_architecture_1_2023/laboratorio3/Problema1/moduloOR.sv Line: 1
Info (12021): Found 1 design units, including 1 entities, in source file modulomultiplicacion.sv
    Info (12023): Found entity 1: moduloMultiplicacion File: C:/Users/osaro/OneDrive/Escritorio/oaraya_computer_architecture_1_2023/laboratorio3/Problema1/moduloMultiplicacion.sv Line: 1
Info (12021): Found 1 design units, including 1 entities, in source file modulomodulo.sv
    Info (12023): Found entity 1: moduloModulo File: C:/Users/osaro/OneDrive/Escritorio/oaraya_computer_architecture_1_2023/laboratorio3/Problema1/moduloModulo.sv Line: 1
Info (12021): Found 1 design units, including 1 entities, in source file modulodivision.sv
    Info (12023): Found entity 1: moduloDivision File: C:/Users/osaro/OneDrive/Escritorio/oaraya_computer_architecture_1_2023/laboratorio3/Problema1/moduloDivision.sv Line: 1
Info (12021): Found 1 design units, including 1 entities, in source file modulocontroloperaciones.sv
    Info (12023): Found entity 1: moduloControlOperaciones File: C:/Users/osaro/OneDrive/Escritorio/oaraya_computer_architecture_1_2023/laboratorio3/Problema1/moduloControlOperaciones.sv Line: 1
Info (12021): Found 1 design units, including 1 entities, in source file moduloand.sv
    Info (12023): Found entity 1: moduloAND File: C:/Users/osaro/OneDrive/Escritorio/oaraya_computer_architecture_1_2023/laboratorio3/Problema1/moduloAND.sv Line: 1
Info (12021): Found 1 design units, including 1 entities, in source file alu.sv
    Info (12023): Found entity 1: ALU File: C:/Users/osaro/OneDrive/Escritorio/oaraya_computer_architecture_1_2023/laboratorio3/Problema1/ALU.sv Line: 1
Info (12021): Found 1 design units, including 1 entities, in source file problema1.sv
    Info (12023): Found entity 1: Problema1 File: C:/Users/osaro/OneDrive/Escritorio/oaraya_computer_architecture_1_2023/laboratorio3/Problema1/Problema1.sv Line: 1
Info (12021): Found 1 design units, including 1 entities, in source file modulodisplayresultado.sv
    Info (12023): Found entity 1: moduloDisplayResultado File: C:/Users/osaro/OneDrive/Escritorio/oaraya_computer_architecture_1_2023/laboratorio3/Problema1/moduloDisplayResultado.sv Line: 1
Info (12021): Found 1 design units, including 1 entities, in source file modulodisplaybanderas.sv
    Info (12023): Found entity 1: moduloDisplayBanderas File: C:/Users/osaro/OneDrive/Escritorio/oaraya_computer_architecture_1_2023/laboratorio3/Problema1/moduloDisplayBanderas.sv Line: 1
Info (12021): Found 1 design units, including 1 entities, in source file testbenchproblema1.sv
    Info (12023): Found entity 1: TestbenchProblema1 File: C:/Users/osaro/OneDrive/Escritorio/oaraya_computer_architecture_1_2023/laboratorio3/Problema1/TestbenchProblema1.sv Line: 1
Info (12127): Elaborating entity "Problema1" for the top level hierarchy
Info (12128): Elaborating entity "ALU" for hierarchy "ALU:ALU0" File: C:/Users/osaro/OneDrive/Escritorio/oaraya_computer_architecture_1_2023/laboratorio3/Problema1/Problema1.sv Line: 17
Info (12128): Elaborating entity "moduloAND" for hierarchy "ALU:ALU0|moduloAND:moduloAND0" File: C:/Users/osaro/OneDrive/Escritorio/oaraya_computer_architecture_1_2023/laboratorio3/Problema1/ALU.sv Line: 19
Info (12128): Elaborating entity "moduloOR" for hierarchy "ALU:ALU0|moduloOR:moduloOR0" File: C:/Users/osaro/OneDrive/Escritorio/oaraya_computer_architecture_1_2023/laboratorio3/Problema1/ALU.sv Line: 20
Info (12128): Elaborating entity "moduloXOR" for hierarchy "ALU:ALU0|moduloXOR:moduloXOR0" File: C:/Users/osaro/OneDrive/Escritorio/oaraya_computer_architecture_1_2023/laboratorio3/Problema1/ALU.sv Line: 21
Info (12128): Elaborating entity "moduloShiftL" for hierarchy "ALU:ALU0|moduloShiftL:moduloShiftL0" File: C:/Users/osaro/OneDrive/Escritorio/oaraya_computer_architecture_1_2023/laboratorio3/Problema1/ALU.sv Line: 22
Info (12128): Elaborating entity "moduloShiftR" for hierarchy "ALU:ALU0|moduloShiftR:moduloShiftR0" File: C:/Users/osaro/OneDrive/Escritorio/oaraya_computer_architecture_1_2023/laboratorio3/Problema1/ALU.sv Line: 23
Info (12128): Elaborating entity "moduloSuma" for hierarchy "ALU:ALU0|moduloSuma:moduloSuma0" File: C:/Users/osaro/OneDrive/Escritorio/oaraya_computer_architecture_1_2023/laboratorio3/Problema1/ALU.sv Line: 24
Warning (10240): Verilog HDL Always Construct warning at moduloSuma.sv(5): inferring latch(es) for variable "resultado", which holds its previous value in one or more paths through the always construct File: C:/Users/osaro/OneDrive/Escritorio/oaraya_computer_architecture_1_2023/laboratorio3/Problema1/moduloSuma.sv Line: 5
Info (10041): Inferred latch for "resultado[0]" at moduloSuma.sv(9) File: C:/Users/osaro/OneDrive/Escritorio/oaraya_computer_architecture_1_2023/laboratorio3/Problema1/moduloSuma.sv Line: 9
Info (10041): Inferred latch for "resultado[1]" at moduloSuma.sv(9) File: C:/Users/osaro/OneDrive/Escritorio/oaraya_computer_architecture_1_2023/laboratorio3/Problema1/moduloSuma.sv Line: 9
Info (10041): Inferred latch for "resultado[2]" at moduloSuma.sv(9) File: C:/Users/osaro/OneDrive/Escritorio/oaraya_computer_architecture_1_2023/laboratorio3/Problema1/moduloSuma.sv Line: 9
Info (10041): Inferred latch for "resultado[3]" at moduloSuma.sv(9) File: C:/Users/osaro/OneDrive/Escritorio/oaraya_computer_architecture_1_2023/laboratorio3/Problema1/moduloSuma.sv Line: 9
Info (12128): Elaborating entity "moduloResta" for hierarchy "ALU:ALU0|moduloResta:moduloResta0" File: C:/Users/osaro/OneDrive/Escritorio/oaraya_computer_architecture_1_2023/laboratorio3/Problema1/ALU.sv Line: 25
Warning (10240): Verilog HDL Always Construct warning at moduloResta.sv(5): inferring latch(es) for variable "resultado", which holds its previous value in one or more paths through the always construct File: C:/Users/osaro/OneDrive/Escritorio/oaraya_computer_architecture_1_2023/laboratorio3/Problema1/moduloResta.sv Line: 5
Info (10041): Inferred latch for "resultado[0]" at moduloResta.sv(17) File: C:/Users/osaro/OneDrive/Escritorio/oaraya_computer_architecture_1_2023/laboratorio3/Problema1/moduloResta.sv Line: 17
Info (10041): Inferred latch for "resultado[1]" at moduloResta.sv(17) File: C:/Users/osaro/OneDrive/Escritorio/oaraya_computer_architecture_1_2023/laboratorio3/Problema1/moduloResta.sv Line: 17
Info (10041): Inferred latch for "resultado[2]" at moduloResta.sv(17) File: C:/Users/osaro/OneDrive/Escritorio/oaraya_computer_architecture_1_2023/laboratorio3/Problema1/moduloResta.sv Line: 17
Info (10041): Inferred latch for "resultado[3]" at moduloResta.sv(17) File: C:/Users/osaro/OneDrive/Escritorio/oaraya_computer_architecture_1_2023/laboratorio3/Problema1/moduloResta.sv Line: 17
Info (12128): Elaborating entity "moduloMultiplicacion" for hierarchy "ALU:ALU0|moduloMultiplicacion:moduloMultiplicacion0" File: C:/Users/osaro/OneDrive/Escritorio/oaraya_computer_architecture_1_2023/laboratorio3/Problema1/ALU.sv Line: 26
Info (12128): Elaborating entity "moduloDivision" for hierarchy "ALU:ALU0|moduloDivision:moduloDivision0" File: C:/Users/osaro/OneDrive/Escritorio/oaraya_computer_architecture_1_2023/laboratorio3/Problema1/ALU.sv Line: 27
Info (12128): Elaborating entity "moduloModulo" for hierarchy "ALU:ALU0|moduloModulo:moduloModulo0" File: C:/Users/osaro/OneDrive/Escritorio/oaraya_computer_architecture_1_2023/laboratorio3/Problema1/ALU.sv Line: 28
Info (12128): Elaborating entity "moduloControlOperaciones" for hierarchy "ALU:ALU0|moduloControlOperaciones:moduloControlOperaciones0" File: C:/Users/osaro/OneDrive/Escritorio/oaraya_computer_architecture_1_2023/laboratorio3/Problema1/ALU.sv Line: 31
Info (12128): Elaborating entity "moduloDisplayBanderas" for hierarchy "ALU:ALU0|moduloDisplayBanderas:moduloDisplayBanderas0" File: C:/Users/osaro/OneDrive/Escritorio/oaraya_computer_architecture_1_2023/laboratorio3/Problema1/ALU.sv Line: 32
Warning (10240): Verilog HDL Always Construct warning at moduloDisplayBanderas.sv(7): inferring latch(es) for variable "N", which holds its previous value in one or more paths through the always construct File: C:/Users/osaro/OneDrive/Escritorio/oaraya_computer_architecture_1_2023/laboratorio3/Problema1/moduloDisplayBanderas.sv Line: 7
Warning (10240): Verilog HDL Always Construct warning at moduloDisplayBanderas.sv(7): inferring latch(es) for variable "C", which holds its previous value in one or more paths through the always construct File: C:/Users/osaro/OneDrive/Escritorio/oaraya_computer_architecture_1_2023/laboratorio3/Problema1/moduloDisplayBanderas.sv Line: 7
Warning (10240): Verilog HDL Always Construct warning at moduloDisplayBanderas.sv(7): inferring latch(es) for variable "Z", which holds its previous value in one or more paths through the always construct File: C:/Users/osaro/OneDrive/Escritorio/oaraya_computer_architecture_1_2023/laboratorio3/Problema1/moduloDisplayBanderas.sv Line: 7
Info (10041): Inferred latch for "Z" at moduloDisplayBanderas.sv(7) File: C:/Users/osaro/OneDrive/Escritorio/oaraya_computer_architecture_1_2023/laboratorio3/Problema1/moduloDisplayBanderas.sv Line: 7
Info (10041): Inferred latch for "C" at moduloDisplayBanderas.sv(7) File: C:/Users/osaro/OneDrive/Escritorio/oaraya_computer_architecture_1_2023/laboratorio3/Problema1/moduloDisplayBanderas.sv Line: 7
Info (10041): Inferred latch for "N" at moduloDisplayBanderas.sv(7) File: C:/Users/osaro/OneDrive/Escritorio/oaraya_computer_architecture_1_2023/laboratorio3/Problema1/moduloDisplayBanderas.sv Line: 7
Info (12128): Elaborating entity "moduloDisplayResultado" for hierarchy "moduloDisplayResultado:moduloDisplayResultado0" File: C:/Users/osaro/OneDrive/Escritorio/oaraya_computer_architecture_1_2023/laboratorio3/Problema1/Problema1.sv Line: 18
Warning (10235): Verilog HDL Always Construct warning at moduloDisplayResultado.sv(11): variable "error" is read inside the Always Construct but isn't in the Always Construct's Event Control File: C:/Users/osaro/OneDrive/Escritorio/oaraya_computer_architecture_1_2023/laboratorio3/Problema1/moduloDisplayResultado.sv Line: 11
Warning (10235): Verilog HDL Always Construct warning at moduloDisplayResultado.sv(11): variable "seleccionOperacion" is read inside the Always Construct but isn't in the Always Construct's Event Control File: C:/Users/osaro/OneDrive/Escritorio/oaraya_computer_architecture_1_2023/laboratorio3/Problema1/moduloDisplayResultado.sv Line: 11
Info: Quartus Prime Analysis & Elaboration was successful. 0 errors, 8 warnings
    Info: Peak virtual memory: 4770 megabytes
    Info: Processing ended: Wed Apr 12 12:23:53 2023
    Info: Elapsed time: 00:00:15
    Info: Total CPU time (on all processors): 00:00:32


