Analysis & Synthesis report for Problema2
Mon Sep 05 19:05:17 2022
Quartus Prime Version 20.1.0 Build 711 06/05/2020 SJ Lite Edition


---------------------
; Table of Contents ;
---------------------
  1. Legal Notice
  2. Analysis & Synthesis Summary
  3. Analysis & Synthesis Settings
  4. Parallel Compilation
  5. Analysis & Synthesis Source Files Read
  6. Analysis & Synthesis Resource Usage Summary
  7. Analysis & Synthesis Resource Utilization by Entity
  8. General Register Statistics
  9. Parameter Settings for User Entity Instance: registroEntrada:comb_3
 10. Port Connectivity Checks: "registroEntrada:comb_3"
 11. Post-Synthesis Netlist Statistics for Top Partition
 12. Elapsed Time Per Partition
 13. Analysis & Synthesis Messages



----------------
; Legal Notice ;
----------------
Copyright (C) 2020  Intel Corporation. All rights reserved.
Your use of Intel Corporation's design tools, logic functions 
and other software and tools, and any partner logic 
functions, and any output files from any of the foregoing 
(including device programming or simulation files), and any 
associated documentation or information are expressly subject 
to the terms and conditions of the Intel Program License 
Subscription Agreement, the Intel Quartus Prime License Agreement,
the Intel FPGA IP License Agreement, or other applicable license
agreement, including, without limitation, that your use is for
the sole purpose of programming logic devices manufactured by
Intel and sold by Intel or its authorized distributors.  Please
refer to the applicable agreement for further details, at
https://fpgasoftware.intel.com/eula.



+-------------------------------------------------------------------------------+
; Analysis & Synthesis Summary                                                  ;
+---------------------------------+---------------------------------------------+
; Analysis & Synthesis Status     ; Successful - Mon Sep 05 19:05:17 2022       ;
; Quartus Prime Version           ; 20.1.0 Build 711 06/05/2020 SJ Lite Edition ;
; Revision Name                   ; Problema2                                   ;
; Top-level Entity Name           ; Problema2                                   ;
; Family                          ; Cyclone V                                   ;
; Logic utilization (in ALMs)     ; N/A                                         ;
; Total registers                 ; 0                                           ;
; Total pins                      ; 59                                          ;
; Total virtual pins              ; 0                                           ;
; Total block memory bits         ; 0                                           ;
; Total DSP Blocks                ; 0                                           ;
; Total HSSI RX PCSs              ; 0                                           ;
; Total HSSI PMA RX Deserializers ; 0                                           ;
; Total HSSI TX PCSs              ; 0                                           ;
; Total HSSI PMA TX Serializers   ; 0                                           ;
; Total PLLs                      ; 0                                           ;
; Total DLLs                      ; 0                                           ;
+---------------------------------+---------------------------------------------+


+---------------------------------------------------------------------------------------------------------------------------+
; Analysis & Synthesis Settings                                                                                             ;
+---------------------------------------------------------------------------------+--------------------+--------------------+
; Option                                                                          ; Setting            ; Default Value      ;
+---------------------------------------------------------------------------------+--------------------+--------------------+
; Device                                                                          ; 5CSEMA5F31C6       ;                    ;
; Top-level entity name                                                           ; Problema2          ; Problema2          ;
; Family name                                                                     ; Cyclone V          ; Cyclone V          ;
; Use smart compilation                                                           ; Off                ; Off                ;
; Enable parallel Assembler and Timing Analyzer during compilation                ; On                 ; On                 ;
; Enable compact report table                                                     ; Off                ; Off                ;
; Restructure Multiplexers                                                        ; Auto               ; Auto               ;
; MLAB Add Timing Constraints For Mixed-Port Feed-Through Mode Setting Don't Care ; Off                ; Off                ;
; Create Debugging Nodes for IP Cores                                             ; Off                ; Off                ;
; Preserve fewer node names                                                       ; On                 ; On                 ;
; Intel FPGA IP Evaluation Mode                                                   ; Enable             ; Enable             ;
; Verilog Version                                                                 ; Verilog_2001       ; Verilog_2001       ;
; VHDL Version                                                                    ; VHDL_1993          ; VHDL_1993          ;
; State Machine Processing                                                        ; Auto               ; Auto               ;
; Safe State Machine                                                              ; Off                ; Off                ;
; Extract Verilog State Machines                                                  ; On                 ; On                 ;
; Extract VHDL State Machines                                                     ; On                 ; On                 ;
; Ignore Verilog initial constructs                                               ; Off                ; Off                ;
; Iteration limit for constant Verilog loops                                      ; 5000               ; 5000               ;
; Iteration limit for non-constant Verilog loops                                  ; 250                ; 250                ;
; Add Pass-Through Logic to Inferred RAMs                                         ; On                 ; On                 ;
; Infer RAMs from Raw Logic                                                       ; On                 ; On                 ;
; Parallel Synthesis                                                              ; On                 ; On                 ;
; DSP Block Balancing                                                             ; Auto               ; Auto               ;
; NOT Gate Push-Back                                                              ; On                 ; On                 ;
; Power-Up Don't Care                                                             ; On                 ; On                 ;
; Remove Redundant Logic Cells                                                    ; Off                ; Off                ;
; Remove Duplicate Registers                                                      ; On                 ; On                 ;
; Ignore CARRY Buffers                                                            ; Off                ; Off                ;
; Ignore CASCADE Buffers                                                          ; Off                ; Off                ;
; Ignore GLOBAL Buffers                                                           ; Off                ; Off                ;
; Ignore ROW GLOBAL Buffers                                                       ; Off                ; Off                ;
; Ignore LCELL Buffers                                                            ; Off                ; Off                ;
; Ignore SOFT Buffers                                                             ; On                 ; On                 ;
; Limit AHDL Integers to 32 Bits                                                  ; Off                ; Off                ;
; Optimization Technique                                                          ; Balanced           ; Balanced           ;
; Carry Chain Length                                                              ; 70                 ; 70                 ;
; Auto Carry Chains                                                               ; On                 ; On                 ;
; Auto Open-Drain Pins                                                            ; On                 ; On                 ;
; Perform WYSIWYG Primitive Resynthesis                                           ; Off                ; Off                ;
; Auto ROM Replacement                                                            ; On                 ; On                 ;
; Auto RAM Replacement                                                            ; On                 ; On                 ;
; Auto DSP Block Replacement                                                      ; On                 ; On                 ;
; Auto Shift Register Replacement                                                 ; Auto               ; Auto               ;
; Allow Shift Register Merging across Hierarchies                                 ; Auto               ; Auto               ;
; Auto Clock Enable Replacement                                                   ; On                 ; On                 ;
; Strict RAM Replacement                                                          ; Off                ; Off                ;
; Allow Synchronous Control Signals                                               ; On                 ; On                 ;
; Force Use of Synchronous Clear Signals                                          ; Off                ; Off                ;
; Auto Resource Sharing                                                           ; Off                ; Off                ;
; Allow Any RAM Size For Recognition                                              ; Off                ; Off                ;
; Allow Any ROM Size For Recognition                                              ; Off                ; Off                ;
; Allow Any Shift Register Size For Recognition                                   ; Off                ; Off                ;
; Use LogicLock Constraints during Resource Balancing                             ; On                 ; On                 ;
; Ignore translate_off and synthesis_off directives                               ; Off                ; Off                ;
; Timing-Driven Synthesis                                                         ; On                 ; On                 ;
; Report Parameter Settings                                                       ; On                 ; On                 ;
; Report Source Assignments                                                       ; On                 ; On                 ;
; Report Connectivity Checks                                                      ; On                 ; On                 ;
; Ignore Maximum Fan-Out Assignments                                              ; Off                ; Off                ;
; Synchronization Register Chain Length                                           ; 3                  ; 3                  ;
; Power Optimization During Synthesis                                             ; Normal compilation ; Normal compilation ;
; HDL message level                                                               ; Level2             ; Level2             ;
; Suppress Register Optimization Related Messages                                 ; Off                ; Off                ;
; Number of Removed Registers Reported in Synthesis Report                        ; 5000               ; 5000               ;
; Number of Swept Nodes Reported in Synthesis Report                              ; 5000               ; 5000               ;
; Number of Inverted Registers Reported in Synthesis Report                       ; 100                ; 100                ;
; Clock MUX Protection                                                            ; On                 ; On                 ;
; Auto Gated Clock Conversion                                                     ; Off                ; Off                ;
; Block Design Naming                                                             ; Auto               ; Auto               ;
; SDC constraint protection                                                       ; Off                ; Off                ;
; Synthesis Effort                                                                ; Auto               ; Auto               ;
; Shift Register Replacement - Allow Asynchronous Clear Signal                    ; On                 ; On                 ;
; Pre-Mapping Resynthesis Optimization                                            ; Off                ; Off                ;
; Analysis & Synthesis Message Level                                              ; Medium             ; Medium             ;
; Disable Register Merging Across Hierarchies                                     ; Auto               ; Auto               ;
; Resource Aware Inference For Block RAM                                          ; On                 ; On                 ;
; Automatic Parallel Synthesis                                                    ; On                 ; On                 ;
; Partial Reconfiguration Bitstream ID                                            ; Off                ; Off                ;
+---------------------------------------------------------------------------------+--------------------+--------------------+


+------------------------------------------+
; Parallel Compilation                     ;
+----------------------------+-------------+
; Processors                 ; Number      ;
+----------------------------+-------------+
; Number detected on machine ; 8           ;
; Maximum allowed            ; 8           ;
;                            ;             ;
; Average used               ; 1.00        ;
; Maximum used               ; 1           ;
;                            ;             ;
; Usage by Processor         ; % Time Used ;
;     Processor 1            ; 100.0%      ;
+----------------------------+-------------+


+----------------------------------------------------------------------------------------------------------------------------------------------------------------------------------+
; Analysis & Synthesis Source Files Read                                                                                                                                           ;
+----------------------------------+-----------------+------------------------------+------------------------------------------------------------------------------------+---------+
; File Name with User-Entered Path ; Used in Netlist ; File Type                    ; File Name with Absolute Path                                                       ; Library ;
+----------------------------------+-----------------+------------------------------+------------------------------------------------------------------------------------+---------+
; Problema2.sv                     ; yes             ; User SystemVerilog HDL File  ; C:/Users/osaro/OneDrive/Escritorio/CE3201Laboratorio3/Problema2/Problema2.sv       ;         ;
; registroEntrada.sv               ; yes             ; User SystemVerilog HDL File  ; C:/Users/osaro/OneDrive/Escritorio/CE3201Laboratorio3/Problema2/registroEntrada.sv ;         ;
+----------------------------------+-----------------+------------------------------+------------------------------------------------------------------------------------+---------+


+-----------------------------------------------------+
; Analysis & Synthesis Resource Usage Summary         ;
+---------------------------------------------+-------+
; Resource                                    ; Usage ;
+---------------------------------------------+-------+
; Estimate of Logic utilization (ALMs needed) ; 0     ;
;                                             ;       ;
; Combinational ALUT usage for logic          ; 0     ;
;     -- 7 input functions                    ; 0     ;
;     -- 6 input functions                    ; 0     ;
;     -- 5 input functions                    ; 0     ;
;     -- 4 input functions                    ; 0     ;
;     -- <=3 input functions                  ; 0     ;
;                                             ;       ;
; Dedicated logic registers                   ; 0     ;
;                                             ;       ;
; I/O pins                                    ; 59    ;
;                                             ;       ;
; Total DSP Blocks                            ; 0     ;
;                                             ;       ;
; Maximum fan-out node                        ; reloj ;
; Maximum fan-out                             ; 1     ;
; Total fan-out                               ; 59    ;
; Average fan-out                             ; 0.50  ;
+---------------------------------------------+-------+


+----------------------------------------------------------------------------------------------------------------------------------------------------------------------------------------+
; Analysis & Synthesis Resource Utilization by Entity                                                                                                                                    ;
+----------------------------+---------------------+---------------------------+-------------------+------------+------+--------------+---------------------+-------------+--------------+
; Compilation Hierarchy Node ; Combinational ALUTs ; Dedicated Logic Registers ; Block Memory Bits ; DSP Blocks ; Pins ; Virtual Pins ; Full Hierarchy Name ; Entity Name ; Library Name ;
+----------------------------+---------------------+---------------------------+-------------------+------------+------+--------------+---------------------+-------------+--------------+
; |Problema2                 ; 0 (0)               ; 0 (0)                     ; 0                 ; 0          ; 59   ; 0            ; |Problema2          ; Problema2   ; work         ;
+----------------------------+---------------------+---------------------------+-------------------+------------+------+--------------+---------------------+-------------+--------------+
Note: For table entries with two numbers listed, the numbers in parentheses indicate the number of resources of the given type used by the specific entity alone. The numbers listed outside of parentheses indicate the total resources of the given type used by the specific entity and all of its sub-entities in the hierarchy.


+------------------------------------------------------+
; General Register Statistics                          ;
+----------------------------------------------+-------+
; Statistic                                    ; Value ;
+----------------------------------------------+-------+
; Total registers                              ; 0     ;
; Number of registers using Synchronous Clear  ; 0     ;
; Number of registers using Synchronous Load   ; 0     ;
; Number of registers using Asynchronous Clear ; 0     ;
; Number of registers using Asynchronous Load  ; 0     ;
; Number of registers using Clock Enable       ; 0     ;
; Number of registers using Preset             ; 0     ;
+----------------------------------------------+-------+


+---------------------------------------------------------------------+
; Parameter Settings for User Entity Instance: registroEntrada:comb_3 ;
+----------------+-------+--------------------------------------------+
; Parameter Name ; Value ; Type                                       ;
+----------------+-------+--------------------------------------------+
; cantidadBits   ; 5     ; Signed Integer                             ;
+----------------+-------+--------------------------------------------+
Note: In order to hide this table in the UI and the text report file, please set the "Show Parameter Settings in Synthesis Report" option in "Analysis and Synthesis Settings -> More Settings" to "Off".


+----------------------------------------------------------------------------------------------------------------------------------------------------------------------------------------------------------------------------+
; Port Connectivity Checks: "registroEntrada:comb_3"                                                                                                                                                                         ;
+--------------------------------+--------+----------+-----------------------------------------------------------------------------------------------------------------------------------------------------------------------+
; Port                           ; Type   ; Severity ; Details                                                                                                                                                               ;
+--------------------------------+--------+----------+-----------------------------------------------------------------------------------------------------------------------------------------------------------------------+
; salidaOperandoA                ; Output ; Info     ; Connected to dangling logic. Logic that only feeds a dangling port will be removed.                                                                                   ;
; salidaOperandoB                ; Output ; Info     ; Connected to dangling logic. Logic that only feeds a dangling port will be removed.                                                                                   ;
; salidaSeleccionOperacion       ; Output ; Warning  ; Output or bidir port (4 bits) is smaller than the port expression (5 bits) it drives.  The 1 most-significant bit(s) in the port expression will be connected to GND. ;
; salidaSeleccionOperacion[3..0] ; Output ; Info     ; Connected to dangling logic. Logic that only feeds a dangling port will be removed.                                                                                   ;
+--------------------------------+--------+----------+-----------------------------------------------------------------------------------------------------------------------------------------------------------------------+


+-----------------------------------------------------+
; Post-Synthesis Netlist Statistics for Top Partition ;
+-----------------------+-----------------------------+
; Type                  ; Count                       ;
+-----------------------+-----------------------------+
; arriav_lcell_comb     ; 1                           ;
;     normal            ; 1                           ;
;         0 data inputs ; 1                           ;
; boundary_port         ; 59                          ;
;                       ;                             ;
; Max LUT depth         ; 0.00                        ;
; Average LUT depth     ; 0.00                        ;
+-----------------------+-----------------------------+


+-------------------------------+
; Elapsed Time Per Partition    ;
+----------------+--------------+
; Partition Name ; Elapsed Time ;
+----------------+--------------+
; Top            ; 00:00:01     ;
+----------------+--------------+


+-------------------------------+
; Analysis & Synthesis Messages ;
+-------------------------------+
Info: *******************************************************************
Info: Running Quartus Prime Analysis & Synthesis
    Info: Version 20.1.0 Build 711 06/05/2020 SJ Lite Edition
    Info: Processing started: Mon Sep 05 19:04:57 2022
Info: Command: quartus_map --read_settings_files=on --write_settings_files=off Problema2 -c Problema2
Warning (18236): Number of processors has not been specified which may cause overloading on shared machines.  Set the global assignment NUM_PARALLEL_PROCESSORS in your QSF to an appropriate value for best performance.
Info (20030): Parallel compilation is enabled and will use 8 of the 8 processors detected
Info (12021): Found 1 design units, including 1 entities, in source file moduloand.sv
    Info (12023): Found entity 1: moduloAND File: C:/Users/osaro/OneDrive/Escritorio/CE3201Laboratorio3/Problema2/moduloAND.sv Line: 1
Info (12021): Found 1 design units, including 1 entities, in source file moduloor.sv
    Info (12023): Found entity 1: moduloOR File: C:/Users/osaro/OneDrive/Escritorio/CE3201Laboratorio3/Problema2/moduloOR.sv Line: 1
Info (12021): Found 1 design units, including 1 entities, in source file moduloxor.sv
    Info (12023): Found entity 1: moduloXOR File: C:/Users/osaro/OneDrive/Escritorio/CE3201Laboratorio3/Problema2/moduloXOR.sv Line: 1
Info (12021): Found 1 design units, including 1 entities, in source file moduloshiftl.sv
    Info (12023): Found entity 1: moduloShiftL File: C:/Users/osaro/OneDrive/Escritorio/CE3201Laboratorio3/Problema2/moduloShiftL.sv Line: 1
Info (12021): Found 1 design units, including 1 entities, in source file moduloshiftr.sv
    Info (12023): Found entity 1: moduloShiftR File: C:/Users/osaro/OneDrive/Escritorio/CE3201Laboratorio3/Problema2/moduloShiftR.sv Line: 1
Info (12021): Found 1 design units, including 1 entities, in source file modulosuma.sv
    Info (12023): Found entity 1: moduloSuma File: C:/Users/osaro/OneDrive/Escritorio/CE3201Laboratorio3/Problema2/moduloSuma.sv Line: 1
Info (12021): Found 1 design units, including 1 entities, in source file moduloresta.sv
    Info (12023): Found entity 1: moduloResta File: C:/Users/osaro/OneDrive/Escritorio/CE3201Laboratorio3/Problema2/moduloResta.sv Line: 1
Info (12021): Found 1 design units, including 1 entities, in source file modulomultiplicacion.sv
    Info (12023): Found entity 1: moduloMultiplicacion File: C:/Users/osaro/OneDrive/Escritorio/CE3201Laboratorio3/Problema2/moduloMultiplicacion.sv Line: 1
Info (12021): Found 1 design units, including 1 entities, in source file modulodivision.sv
    Info (12023): Found entity 1: moduloDivision File: C:/Users/osaro/OneDrive/Escritorio/CE3201Laboratorio3/Problema2/moduloDivision.sv Line: 1
Info (12021): Found 1 design units, including 1 entities, in source file modulomodulo.sv
    Info (12023): Found entity 1: moduloModulo File: C:/Users/osaro/OneDrive/Escritorio/CE3201Laboratorio3/Problema2/moduloModulo.sv Line: 1
Info (12021): Found 1 design units, including 1 entities, in source file modulocontroloperaciones.sv
    Info (12023): Found entity 1: moduloControlOperaciones File: C:/Users/osaro/OneDrive/Escritorio/CE3201Laboratorio3/Problema2/moduloControlOperaciones.sv Line: 1
Info (12021): Found 1 design units, including 1 entities, in source file alu.sv
    Info (12023): Found entity 1: ALU File: C:/Users/osaro/OneDrive/Escritorio/CE3201Laboratorio3/Problema2/ALU.sv Line: 1
Info (12021): Found 1 design units, including 1 entities, in source file modulodisplayresultado.sv
    Info (12023): Found entity 1: moduloDisplayResultado File: C:/Users/osaro/OneDrive/Escritorio/CE3201Laboratorio3/Problema2/moduloDisplayResultado.sv Line: 1
Info (12021): Found 1 design units, including 1 entities, in source file modulodisplaybanderas.sv
    Info (12023): Found entity 1: moduloDisplayBanderas File: C:/Users/osaro/OneDrive/Escritorio/CE3201Laboratorio3/Problema2/moduloDisplayBanderas.sv Line: 1
Info (12021): Found 1 design units, including 1 entities, in source file problema2.sv
    Info (12023): Found entity 1: Problema2 File: C:/Users/osaro/OneDrive/Escritorio/CE3201Laboratorio3/Problema2/Problema2.sv Line: 1
Info (12021): Found 1 design units, including 1 entities, in source file registroentrada.sv
    Info (12023): Found entity 1: registroEntrada File: C:/Users/osaro/OneDrive/Escritorio/CE3201Laboratorio3/Problema2/registroEntrada.sv Line: 1
Critical Warning (10846): Verilog HDL Instantiation warning at Problema2.sv(26): instance has no name File: C:/Users/osaro/OneDrive/Escritorio/CE3201Laboratorio3/Problema2/Problema2.sv Line: 26
Info (12127): Elaborating entity "Problema2" for the top level hierarchy
Warning (10034): Output port "resultado" at Problema2.sv(12) has no driver File: C:/Users/osaro/OneDrive/Escritorio/CE3201Laboratorio3/Problema2/Problema2.sv Line: 12
Warning (10034): Output port "displayResultado0" at Problema2.sv(13) has no driver File: C:/Users/osaro/OneDrive/Escritorio/CE3201Laboratorio3/Problema2/Problema2.sv Line: 13
Warning (10034): Output port "displayResultado1" at Problema2.sv(14) has no driver File: C:/Users/osaro/OneDrive/Escritorio/CE3201Laboratorio3/Problema2/Problema2.sv Line: 14
Warning (10034): Output port "displayResultado2" at Problema2.sv(15) has no driver File: C:/Users/osaro/OneDrive/Escritorio/CE3201Laboratorio3/Problema2/Problema2.sv Line: 15
Warning (10034): Output port "displayResultado3" at Problema2.sv(16) has no driver File: C:/Users/osaro/OneDrive/Escritorio/CE3201Laboratorio3/Problema2/Problema2.sv Line: 16
Warning (10034): Output port "displayOperacion" at Problema2.sv(17) has no driver File: C:/Users/osaro/OneDrive/Escritorio/CE3201Laboratorio3/Problema2/Problema2.sv Line: 17
Warning (10034): Output port "N" at Problema2.sv(18) has no driver File: C:/Users/osaro/OneDrive/Escritorio/CE3201Laboratorio3/Problema2/Problema2.sv Line: 18
Warning (10034): Output port "Z" at Problema2.sv(18) has no driver File: C:/Users/osaro/OneDrive/Escritorio/CE3201Laboratorio3/Problema2/Problema2.sv Line: 18
Warning (10034): Output port "C" at Problema2.sv(18) has no driver File: C:/Users/osaro/OneDrive/Escritorio/CE3201Laboratorio3/Problema2/Problema2.sv Line: 18
Warning (10034): Output port "V" at Problema2.sv(18) has no driver File: C:/Users/osaro/OneDrive/Escritorio/CE3201Laboratorio3/Problema2/Problema2.sv Line: 18
Info (12128): Elaborating entity "registroEntrada" for hierarchy "registroEntrada:comb_3" File: C:/Users/osaro/OneDrive/Escritorio/CE3201Laboratorio3/Problema2/Problema2.sv Line: 26
Warning (12241): 1 hierarchies have connectivity warnings - see the Connectivity Checks report folder
Warning (13024): Output pins are stuck at VCC or GND
    Warning (13410): Pin "resultado[0]" is stuck at GND File: C:/Users/osaro/OneDrive/Escritorio/CE3201Laboratorio3/Problema2/Problema2.sv Line: 12
    Warning (13410): Pin "resultado[1]" is stuck at GND File: C:/Users/osaro/OneDrive/Escritorio/CE3201Laboratorio3/Problema2/Problema2.sv Line: 12
    Warning (13410): Pin "resultado[2]" is stuck at GND File: C:/Users/osaro/OneDrive/Escritorio/CE3201Laboratorio3/Problema2/Problema2.sv Line: 12
    Warning (13410): Pin "resultado[3]" is stuck at GND File: C:/Users/osaro/OneDrive/Escritorio/CE3201Laboratorio3/Problema2/Problema2.sv Line: 12
    Warning (13410): Pin "displayResultado0[0]" is stuck at GND File: C:/Users/osaro/OneDrive/Escritorio/CE3201Laboratorio3/Problema2/Problema2.sv Line: 13
    Warning (13410): Pin "displayResultado0[1]" is stuck at GND File: C:/Users/osaro/OneDrive/Escritorio/CE3201Laboratorio3/Problema2/Problema2.sv Line: 13
    Warning (13410): Pin "displayResultado0[2]" is stuck at GND File: C:/Users/osaro/OneDrive/Escritorio/CE3201Laboratorio3/Problema2/Problema2.sv Line: 13
    Warning (13410): Pin "displayResultado0[3]" is stuck at GND File: C:/Users/osaro/OneDrive/Escritorio/CE3201Laboratorio3/Problema2/Problema2.sv Line: 13
    Warning (13410): Pin "displayResultado0[4]" is stuck at GND File: C:/Users/osaro/OneDrive/Escritorio/CE3201Laboratorio3/Problema2/Problema2.sv Line: 13
    Warning (13410): Pin "displayResultado0[5]" is stuck at GND File: C:/Users/osaro/OneDrive/Escritorio/CE3201Laboratorio3/Problema2/Problema2.sv Line: 13
    Warning (13410): Pin "displayResultado0[6]" is stuck at GND File: C:/Users/osaro/OneDrive/Escritorio/CE3201Laboratorio3/Problema2/Problema2.sv Line: 13
    Warning (13410): Pin "displayResultado1[0]" is stuck at GND File: C:/Users/osaro/OneDrive/Escritorio/CE3201Laboratorio3/Problema2/Problema2.sv Line: 14
    Warning (13410): Pin "displayResultado1[1]" is stuck at GND File: C:/Users/osaro/OneDrive/Escritorio/CE3201Laboratorio3/Problema2/Problema2.sv Line: 14
    Warning (13410): Pin "displayResultado1[2]" is stuck at GND File: C:/Users/osaro/OneDrive/Escritorio/CE3201Laboratorio3/Problema2/Problema2.sv Line: 14
    Warning (13410): Pin "displayResultado1[3]" is stuck at GND File: C:/Users/osaro/OneDrive/Escritorio/CE3201Laboratorio3/Problema2/Problema2.sv Line: 14
    Warning (13410): Pin "displayResultado1[4]" is stuck at GND File: C:/Users/osaro/OneDrive/Escritorio/CE3201Laboratorio3/Problema2/Problema2.sv Line: 14
    Warning (13410): Pin "displayResultado1[5]" is stuck at GND File: C:/Users/osaro/OneDrive/Escritorio/CE3201Laboratorio3/Problema2/Problema2.sv Line: 14
    Warning (13410): Pin "displayResultado1[6]" is stuck at GND File: C:/Users/osaro/OneDrive/Escritorio/CE3201Laboratorio3/Problema2/Problema2.sv Line: 14
    Warning (13410): Pin "displayResultado2[0]" is stuck at GND File: C:/Users/osaro/OneDrive/Escritorio/CE3201Laboratorio3/Problema2/Problema2.sv Line: 15
    Warning (13410): Pin "displayResultado2[1]" is stuck at GND File: C:/Users/osaro/OneDrive/Escritorio/CE3201Laboratorio3/Problema2/Problema2.sv Line: 15
    Warning (13410): Pin "displayResultado2[2]" is stuck at GND File: C:/Users/osaro/OneDrive/Escritorio/CE3201Laboratorio3/Problema2/Problema2.sv Line: 15
    Warning (13410): Pin "displayResultado2[3]" is stuck at GND File: C:/Users/osaro/OneDrive/Escritorio/CE3201Laboratorio3/Problema2/Problema2.sv Line: 15
    Warning (13410): Pin "displayResultado2[4]" is stuck at GND File: C:/Users/osaro/OneDrive/Escritorio/CE3201Laboratorio3/Problema2/Problema2.sv Line: 15
    Warning (13410): Pin "displayResultado2[5]" is stuck at GND File: C:/Users/osaro/OneDrive/Escritorio/CE3201Laboratorio3/Problema2/Problema2.sv Line: 15
    Warning (13410): Pin "displayResultado2[6]" is stuck at GND File: C:/Users/osaro/OneDrive/Escritorio/CE3201Laboratorio3/Problema2/Problema2.sv Line: 15
    Warning (13410): Pin "displayResultado3[0]" is stuck at GND File: C:/Users/osaro/OneDrive/Escritorio/CE3201Laboratorio3/Problema2/Problema2.sv Line: 16
    Warning (13410): Pin "displayResultado3[1]" is stuck at GND File: C:/Users/osaro/OneDrive/Escritorio/CE3201Laboratorio3/Problema2/Problema2.sv Line: 16
    Warning (13410): Pin "displayResultado3[2]" is stuck at GND File: C:/Users/osaro/OneDrive/Escritorio/CE3201Laboratorio3/Problema2/Problema2.sv Line: 16
    Warning (13410): Pin "displayResultado3[3]" is stuck at GND File: C:/Users/osaro/OneDrive/Escritorio/CE3201Laboratorio3/Problema2/Problema2.sv Line: 16
    Warning (13410): Pin "displayResultado3[4]" is stuck at GND File: C:/Users/osaro/OneDrive/Escritorio/CE3201Laboratorio3/Problema2/Problema2.sv Line: 16
    Warning (13410): Pin "displayResultado3[5]" is stuck at GND File: C:/Users/osaro/OneDrive/Escritorio/CE3201Laboratorio3/Problema2/Problema2.sv Line: 16
    Warning (13410): Pin "displayResultado3[6]" is stuck at GND File: C:/Users/osaro/OneDrive/Escritorio/CE3201Laboratorio3/Problema2/Problema2.sv Line: 16
    Warning (13410): Pin "displayOperacion[0]" is stuck at GND File: C:/Users/osaro/OneDrive/Escritorio/CE3201Laboratorio3/Problema2/Problema2.sv Line: 17
    Warning (13410): Pin "displayOperacion[1]" is stuck at GND File: C:/Users/osaro/OneDrive/Escritorio/CE3201Laboratorio3/Problema2/Problema2.sv Line: 17
    Warning (13410): Pin "displayOperacion[2]" is stuck at GND File: C:/Users/osaro/OneDrive/Escritorio/CE3201Laboratorio3/Problema2/Problema2.sv Line: 17
    Warning (13410): Pin "displayOperacion[3]" is stuck at GND File: C:/Users/osaro/OneDrive/Escritorio/CE3201Laboratorio3/Problema2/Problema2.sv Line: 17
    Warning (13410): Pin "displayOperacion[4]" is stuck at GND File: C:/Users/osaro/OneDrive/Escritorio/CE3201Laboratorio3/Problema2/Problema2.sv Line: 17
    Warning (13410): Pin "displayOperacion[5]" is stuck at GND File: C:/Users/osaro/OneDrive/Escritorio/CE3201Laboratorio3/Problema2/Problema2.sv Line: 17
    Warning (13410): Pin "displayOperacion[6]" is stuck at GND File: C:/Users/osaro/OneDrive/Escritorio/CE3201Laboratorio3/Problema2/Problema2.sv Line: 17
    Warning (13410): Pin "N" is stuck at GND File: C:/Users/osaro/OneDrive/Escritorio/CE3201Laboratorio3/Problema2/Problema2.sv Line: 18
    Warning (13410): Pin "Z" is stuck at GND File: C:/Users/osaro/OneDrive/Escritorio/CE3201Laboratorio3/Problema2/Problema2.sv Line: 18
    Warning (13410): Pin "C" is stuck at GND File: C:/Users/osaro/OneDrive/Escritorio/CE3201Laboratorio3/Problema2/Problema2.sv Line: 18
    Warning (13410): Pin "V" is stuck at GND File: C:/Users/osaro/OneDrive/Escritorio/CE3201Laboratorio3/Problema2/Problema2.sv Line: 18
Info (16010): Generating hard_block partition "hard_block:auto_generated_inst"
    Info (16011): Adding 0 node(s), including 0 DDIO, 0 PLL, 0 transceiver and 0 LCELL
Warning (21074): Design contains 16 input pin(s) that do not drive logic
    Warning (15610): No output dependent on input pin "reloj" File: C:/Users/osaro/OneDrive/Escritorio/CE3201Laboratorio3/Problema2/Problema2.sv Line: 5
    Warning (15610): No output dependent on input pin "reset" File: C:/Users/osaro/OneDrive/Escritorio/CE3201Laboratorio3/Problema2/Problema2.sv Line: 6
    Warning (15610): No output dependent on input pin "operandoA[0]" File: C:/Users/osaro/OneDrive/Escritorio/CE3201Laboratorio3/Problema2/Problema2.sv Line: 8
    Warning (15610): No output dependent on input pin "operandoA[1]" File: C:/Users/osaro/OneDrive/Escritorio/CE3201Laboratorio3/Problema2/Problema2.sv Line: 8
    Warning (15610): No output dependent on input pin "operandoA[2]" File: C:/Users/osaro/OneDrive/Escritorio/CE3201Laboratorio3/Problema2/Problema2.sv Line: 8
    Warning (15610): No output dependent on input pin "operandoA[3]" File: C:/Users/osaro/OneDrive/Escritorio/CE3201Laboratorio3/Problema2/Problema2.sv Line: 8
    Warning (15610): No output dependent on input pin "operandoA[4]" File: C:/Users/osaro/OneDrive/Escritorio/CE3201Laboratorio3/Problema2/Problema2.sv Line: 8
    Warning (15610): No output dependent on input pin "operandoB[0]" File: C:/Users/osaro/OneDrive/Escritorio/CE3201Laboratorio3/Problema2/Problema2.sv Line: 9
    Warning (15610): No output dependent on input pin "operandoB[1]" File: C:/Users/osaro/OneDrive/Escritorio/CE3201Laboratorio3/Problema2/Problema2.sv Line: 9
    Warning (15610): No output dependent on input pin "operandoB[2]" File: C:/Users/osaro/OneDrive/Escritorio/CE3201Laboratorio3/Problema2/Problema2.sv Line: 9
    Warning (15610): No output dependent on input pin "operandoB[3]" File: C:/Users/osaro/OneDrive/Escritorio/CE3201Laboratorio3/Problema2/Problema2.sv Line: 9
    Warning (15610): No output dependent on input pin "operandoB[4]" File: C:/Users/osaro/OneDrive/Escritorio/CE3201Laboratorio3/Problema2/Problema2.sv Line: 9
    Warning (15610): No output dependent on input pin "seleccionOperacion[0]" File: C:/Users/osaro/OneDrive/Escritorio/CE3201Laboratorio3/Problema2/Problema2.sv Line: 10
    Warning (15610): No output dependent on input pin "seleccionOperacion[1]" File: C:/Users/osaro/OneDrive/Escritorio/CE3201Laboratorio3/Problema2/Problema2.sv Line: 10
    Warning (15610): No output dependent on input pin "seleccionOperacion[2]" File: C:/Users/osaro/OneDrive/Escritorio/CE3201Laboratorio3/Problema2/Problema2.sv Line: 10
    Warning (15610): No output dependent on input pin "seleccionOperacion[3]" File: C:/Users/osaro/OneDrive/Escritorio/CE3201Laboratorio3/Problema2/Problema2.sv Line: 10
Info (21057): Implemented 59 device resources after synthesis - the final resource count might be different
    Info (21058): Implemented 16 input pins
    Info (21059): Implemented 43 output pins
Info: Quartus Prime Analysis & Synthesis was successful. 0 errors, 74 warnings
    Info: Peak virtual memory: 4796 megabytes
    Info: Processing ended: Mon Sep 05 19:05:17 2022
    Info: Elapsed time: 00:00:20
    Info: Total CPU time (on all processors): 00:00:36


