Analysis & Synthesis report for problema1
Mon Mar 13 22:43:06 2023
Quartus Prime Version 20.1.0 Build 711 06/05/2020 SJ Lite Edition


---------------------
; Table of Contents ;
---------------------
  1. Legal Notice
  2. Analysis & Synthesis Summary
  3. Analysis & Synthesis Settings
  4. Parallel Compilation
  5. Analysis & Synthesis Source Files Read
  6. Analysis & Synthesis Resource Usage Summary
  7. Analysis & Synthesis Resource Utilization by Entity
  8. General Register Statistics
  9. Port Connectivity Checks: "moduloDisplayBCDSieteSegmentos:instanciaModuloDisplayBCDSieteSegmentos"
 10. Post-Synthesis Netlist Statistics for Top Partition
 11. Elapsed Time Per Partition
 12. Analysis & Synthesis Messages



----------------
; Legal Notice ;
----------------
Copyright (C) 2020  Intel Corporation. All rights reserved.
Your use of Intel Corporation's design tools, logic functions 
and other software and tools, and any partner logic 
functions, and any output files from any of the foregoing 
(including device programming or simulation files), and any 
associated documentation or information are expressly subject 
to the terms and conditions of the Intel Program License 
Subscription Agreement, the Intel Quartus Prime License Agreement,
the Intel FPGA IP License Agreement, or other applicable license
agreement, including, without limitation, that your use is for
the sole purpose of programming logic devices manufactured by
Intel and sold by Intel or its authorized distributors.  Please
refer to the applicable agreement for further details, at
https://fpgasoftware.intel.com/eula.



+-------------------------------------------------------------------------------+
; Analysis & Synthesis Summary                                                  ;
+---------------------------------+---------------------------------------------+
; Analysis & Synthesis Status     ; Successful - Mon Mar 13 22:43:06 2023       ;
; Quartus Prime Version           ; 20.1.0 Build 711 06/05/2020 SJ Lite Edition ;
; Revision Name                   ; problema1                                   ;
; Top-level Entity Name           ; problema1                                   ;
; Family                          ; Cyclone V                                   ;
; Logic utilization (in ALMs)     ; N/A                                         ;
; Total registers                 ; 0                                           ;
; Total pins                      ; 39                                          ;
; Total virtual pins              ; 0                                           ;
; Total block memory bits         ; 0                                           ;
; Total DSP Blocks                ; 0                                           ;
; Total HSSI RX PCSs              ; 0                                           ;
; Total HSSI PMA RX Deserializers ; 0                                           ;
; Total HSSI TX PCSs              ; 0                                           ;
; Total HSSI PMA TX Serializers   ; 0                                           ;
; Total PLLs                      ; 0                                           ;
; Total DLLs                      ; 0                                           ;
+---------------------------------+---------------------------------------------+


+---------------------------------------------------------------------------------------------------------------------------+
; Analysis & Synthesis Settings                                                                                             ;
+---------------------------------------------------------------------------------+--------------------+--------------------+
; Option                                                                          ; Setting            ; Default Value      ;
+---------------------------------------------------------------------------------+--------------------+--------------------+
; Device                                                                          ; 5CSEMA5F31C6       ;                    ;
; Top-level entity name                                                           ; problema1          ; problema1          ;
; Family name                                                                     ; Cyclone V          ; Cyclone V          ;
; Use smart compilation                                                           ; Off                ; Off                ;
; Enable parallel Assembler and Timing Analyzer during compilation                ; On                 ; On                 ;
; Enable compact report table                                                     ; Off                ; Off                ;
; Restructure Multiplexers                                                        ; Auto               ; Auto               ;
; MLAB Add Timing Constraints For Mixed-Port Feed-Through Mode Setting Don't Care ; Off                ; Off                ;
; Create Debugging Nodes for IP Cores                                             ; Off                ; Off                ;
; Preserve fewer node names                                                       ; On                 ; On                 ;
; Intel FPGA IP Evaluation Mode                                                   ; Enable             ; Enable             ;
; Verilog Version                                                                 ; Verilog_2001       ; Verilog_2001       ;
; VHDL Version                                                                    ; VHDL_1993          ; VHDL_1993          ;
; State Machine Processing                                                        ; Auto               ; Auto               ;
; Safe State Machine                                                              ; Off                ; Off                ;
; Extract Verilog State Machines                                                  ; On                 ; On                 ;
; Extract VHDL State Machines                                                     ; On                 ; On                 ;
; Ignore Verilog initial constructs                                               ; Off                ; Off                ;
; Iteration limit for constant Verilog loops                                      ; 5000               ; 5000               ;
; Iteration limit for non-constant Verilog loops                                  ; 250                ; 250                ;
; Add Pass-Through Logic to Inferred RAMs                                         ; On                 ; On                 ;
; Infer RAMs from Raw Logic                                                       ; On                 ; On                 ;
; Parallel Synthesis                                                              ; On                 ; On                 ;
; DSP Block Balancing                                                             ; Auto               ; Auto               ;
; NOT Gate Push-Back                                                              ; On                 ; On                 ;
; Power-Up Don't Care                                                             ; On                 ; On                 ;
; Remove Redundant Logic Cells                                                    ; Off                ; Off                ;
; Remove Duplicate Registers                                                      ; On                 ; On                 ;
; Ignore CARRY Buffers                                                            ; Off                ; Off                ;
; Ignore CASCADE Buffers                                                          ; Off                ; Off                ;
; Ignore GLOBAL Buffers                                                           ; Off                ; Off                ;
; Ignore ROW GLOBAL Buffers                                                       ; Off                ; Off                ;
; Ignore LCELL Buffers                                                            ; Off                ; Off                ;
; Ignore SOFT Buffers                                                             ; On                 ; On                 ;
; Limit AHDL Integers to 32 Bits                                                  ; Off                ; Off                ;
; Optimization Technique                                                          ; Balanced           ; Balanced           ;
; Carry Chain Length                                                              ; 70                 ; 70                 ;
; Auto Carry Chains                                                               ; On                 ; On                 ;
; Auto Open-Drain Pins                                                            ; On                 ; On                 ;
; Perform WYSIWYG Primitive Resynthesis                                           ; Off                ; Off                ;
; Auto ROM Replacement                                                            ; On                 ; On                 ;
; Auto RAM Replacement                                                            ; On                 ; On                 ;
; Auto DSP Block Replacement                                                      ; On                 ; On                 ;
; Auto Shift Register Replacement                                                 ; Auto               ; Auto               ;
; Allow Shift Register Merging across Hierarchies                                 ; Auto               ; Auto               ;
; Auto Clock Enable Replacement                                                   ; On                 ; On                 ;
; Strict RAM Replacement                                                          ; Off                ; Off                ;
; Allow Synchronous Control Signals                                               ; On                 ; On                 ;
; Force Use of Synchronous Clear Signals                                          ; Off                ; Off                ;
; Auto Resource Sharing                                                           ; Off                ; Off                ;
; Allow Any RAM Size For Recognition                                              ; Off                ; Off                ;
; Allow Any ROM Size For Recognition                                              ; Off                ; Off                ;
; Allow Any Shift Register Size For Recognition                                   ; Off                ; Off                ;
; Use LogicLock Constraints during Resource Balancing                             ; On                 ; On                 ;
; Ignore translate_off and synthesis_off directives                               ; Off                ; Off                ;
; Timing-Driven Synthesis                                                         ; On                 ; On                 ;
; Report Parameter Settings                                                       ; On                 ; On                 ;
; Report Source Assignments                                                       ; On                 ; On                 ;
; Report Connectivity Checks                                                      ; On                 ; On                 ;
; Ignore Maximum Fan-Out Assignments                                              ; Off                ; Off                ;
; Synchronization Register Chain Length                                           ; 3                  ; 3                  ;
; Power Optimization During Synthesis                                             ; Normal compilation ; Normal compilation ;
; HDL message level                                                               ; Level2             ; Level2             ;
; Suppress Register Optimization Related Messages                                 ; Off                ; Off                ;
; Number of Removed Registers Reported in Synthesis Report                        ; 5000               ; 5000               ;
; Number of Swept Nodes Reported in Synthesis Report                              ; 5000               ; 5000               ;
; Number of Inverted Registers Reported in Synthesis Report                       ; 100                ; 100                ;
; Clock MUX Protection                                                            ; On                 ; On                 ;
; Auto Gated Clock Conversion                                                     ; Off                ; Off                ;
; Block Design Naming                                                             ; Auto               ; Auto               ;
; SDC constraint protection                                                       ; Off                ; Off                ;
; Synthesis Effort                                                                ; Auto               ; Auto               ;
; Shift Register Replacement - Allow Asynchronous Clear Signal                    ; On                 ; On                 ;
; Pre-Mapping Resynthesis Optimization                                            ; Off                ; Off                ;
; Analysis & Synthesis Message Level                                              ; Medium             ; Medium             ;
; Disable Register Merging Across Hierarchies                                     ; Auto               ; Auto               ;
; Resource Aware Inference For Block RAM                                          ; On                 ; On                 ;
; Automatic Parallel Synthesis                                                    ; On                 ; On                 ;
; Partial Reconfiguration Bitstream ID                                            ; Off                ; Off                ;
+---------------------------------------------------------------------------------+--------------------+--------------------+


+------------------------------------------+
; Parallel Compilation                     ;
+----------------------------+-------------+
; Processors                 ; Number      ;
+----------------------------+-------------+
; Number detected on machine ; 8           ;
; Maximum allowed            ; 8           ;
;                            ;             ;
; Average used               ; 1.00        ;
; Maximum used               ; 1           ;
;                            ;             ;
; Usage by Processor         ; % Time Used ;
;     Processor 1            ; 100.0%      ;
+----------------------------+-------------+


+--------------------------------------------------------------------------------------------------------------------------------------------------------------------------------------------------------------------------+
; Analysis & Synthesis Source Files Read                                                                                                                                                                                   ;
+-------------------------------------+-----------------+------------------------------+-------------------------------------------------------------------------------------------------------------------------+---------+
; File Name with User-Entered Path    ; Used in Netlist ; File Type                    ; File Name with Absolute Path                                                                                            ; Library ;
+-------------------------------------+-----------------+------------------------------+-------------------------------------------------------------------------------------------------------------------------+---------+
; problema1.sv                        ; yes             ; User SystemVerilog HDL File  ; C:/Users/osaro/OneDrive/Escritorio/oaraya_computer_architecture_1_2023/laboratorio2/problema1.sv                        ;         ;
; moduloConvertidorBinarioBCD.sv      ; yes             ; User SystemVerilog HDL File  ; C:/Users/osaro/OneDrive/Escritorio/oaraya_computer_architecture_1_2023/laboratorio2/moduloConvertidorBinarioBCD.sv      ;         ;
; moduloDisplayBCDSieteSegmentossv.sv ; yes             ; User SystemVerilog HDL File  ; C:/Users/osaro/OneDrive/Escritorio/oaraya_computer_architecture_1_2023/laboratorio2/moduloDisplayBCDSieteSegmentossv.sv ;         ;
+-------------------------------------+-----------------+------------------------------+-------------------------------------------------------------------------------------------------------------------------+---------+


+-------------------------------------------------------------------------------------------------------------------------------+
; Analysis & Synthesis Resource Usage Summary                                                                                   ;
+---------------------------------------------+---------------------------------------------------------------------------------+
; Resource                                    ; Usage                                                                           ;
+---------------------------------------------+---------------------------------------------------------------------------------+
; Estimate of Logic utilization (ALMs needed) ; 2                                                                               ;
;                                             ;                                                                                 ;
; Combinational ALUT usage for logic          ; 4                                                                               ;
;     -- 7 input functions                    ; 0                                                                               ;
;     -- 6 input functions                    ; 0                                                                               ;
;     -- 5 input functions                    ; 0                                                                               ;
;     -- 4 input functions                    ; 0                                                                               ;
;     -- <=3 input functions                  ; 4                                                                               ;
;                                             ;                                                                                 ;
; Dedicated logic registers                   ; 0                                                                               ;
;                                             ;                                                                                 ;
; I/O pins                                    ; 39                                                                              ;
;                                             ;                                                                                 ;
; Total DSP Blocks                            ; 0                                                                               ;
;                                             ;                                                                                 ;
; Maximum fan-out node                        ; moduloConvertidorBinarioBCD:instanciaModuloConvertidorBinarioBCD|salidaBCD[1]~0 ;
; Maximum fan-out                             ; 4                                                                               ;
; Total fan-out                               ; 71                                                                              ;
; Average fan-out                             ; 0.87                                                                            ;
+---------------------------------------------+---------------------------------------------------------------------------------+


+-----------------------------------------------------------------------------------------------------------------------------------------------------------------------------------------------------------------------------------------------------------------------------------------------------------+
; Analysis & Synthesis Resource Utilization by Entity                                                                                                                                                                                                                                                       ;
+-----------------------------------------------------------------------+---------------------+---------------------------+-------------------+------------+------+--------------+-----------------------------------------------------------------------------+-----------------------------+--------------+
; Compilation Hierarchy Node                                            ; Combinational ALUTs ; Dedicated Logic Registers ; Block Memory Bits ; DSP Blocks ; Pins ; Virtual Pins ; Full Hierarchy Name                                                         ; Entity Name                 ; Library Name ;
+-----------------------------------------------------------------------+---------------------+---------------------------+-------------------+------------+------+--------------+-----------------------------------------------------------------------------+-----------------------------+--------------+
; |problema1                                                            ; 4 (0)               ; 0 (0)                     ; 0                 ; 0          ; 39   ; 0            ; |problema1                                                                  ; problema1                   ; work         ;
;    |moduloConvertidorBinarioBCD:instanciaModuloConvertidorBinarioBCD| ; 4 (4)               ; 0 (0)                     ; 0                 ; 0          ; 0    ; 0            ; |problema1|moduloConvertidorBinarioBCD:instanciaModuloConvertidorBinarioBCD ; moduloConvertidorBinarioBCD ; work         ;
+-----------------------------------------------------------------------+---------------------+---------------------------+-------------------+------------+------+--------------+-----------------------------------------------------------------------------+-----------------------------+--------------+
Note: For table entries with two numbers listed, the numbers in parentheses indicate the number of resources of the given type used by the specific entity alone. The numbers listed outside of parentheses indicate the total resources of the given type used by the specific entity and all of its sub-entities in the hierarchy.


+------------------------------------------------------+
; General Register Statistics                          ;
+----------------------------------------------+-------+
; Statistic                                    ; Value ;
+----------------------------------------------+-------+
; Total registers                              ; 0     ;
; Number of registers using Synchronous Clear  ; 0     ;
; Number of registers using Synchronous Load   ; 0     ;
; Number of registers using Asynchronous Clear ; 0     ;
; Number of registers using Asynchronous Load  ; 0     ;
; Number of registers using Clock Enable       ; 0     ;
; Number of registers using Preset             ; 0     ;
+----------------------------------------------+-------+


+------------------------------------------------------------------------------------------------------------------------------------------------------------------------------------+
; Port Connectivity Checks: "moduloDisplayBCDSieteSegmentos:instanciaModuloDisplayBCDSieteSegmentos"                                                                                 ;
+------------+-------+----------+----------------------------------------------------------------------------------------------------------------------------------------------------+
; Port       ; Type  ; Severity ; Details                                                                                                                                            ;
+------------+-------+----------+----------------------------------------------------------------------------------------------------------------------------------------------------+
; entradaBCD ; Input ; Warning  ; Input port expression (5 bits) is smaller than the input port (6 bits) it drives.  Extra input bit(s) "entradaBCD[5..5]" will be connected to GND. ;
+------------+-------+----------+----------------------------------------------------------------------------------------------------------------------------------------------------+


+-----------------------------------------------------+
; Post-Synthesis Netlist Statistics for Top Partition ;
+-----------------------+-----------------------------+
; Type                  ; Count                       ;
+-----------------------+-----------------------------+
; arriav_lcell_comb     ; 6                           ;
;     normal            ; 6                           ;
;         0 data inputs ; 2                           ;
;         3 data inputs ; 4                           ;
; boundary_port         ; 39                          ;
;                       ;                             ;
; Max LUT depth         ; 1.00                        ;
; Average LUT depth     ; 0.70                        ;
+-----------------------+-----------------------------+


+-------------------------------+
; Elapsed Time Per Partition    ;
+----------------+--------------+
; Partition Name ; Elapsed Time ;
+----------------+--------------+
; Top            ; 00:00:00     ;
+----------------+--------------+


+-------------------------------+
; Analysis & Synthesis Messages ;
+-------------------------------+
Info: *******************************************************************
Info: Running Quartus Prime Analysis & Synthesis
    Info: Version 20.1.0 Build 711 06/05/2020 SJ Lite Edition
    Info: Processing started: Mon Mar 13 22:42:51 2023
Info: Command: quartus_map --read_settings_files=on --write_settings_files=off problema1 -c problema1
Warning (18236): Number of processors has not been specified which may cause overloading on shared machines.  Set the global assignment NUM_PARALLEL_PROCESSORS in your QSF to an appropriate value for best performance.
Info (20030): Parallel compilation is enabled and will use 8 of the 8 processors detected
Info (12021): Found 1 design units, including 1 entities, in source file problema1.sv
    Info (12023): Found entity 1: problema1 File: C:/Users/osaro/OneDrive/Escritorio/oaraya_computer_architecture_1_2023/laboratorio2/problema1.sv Line: 1
Info (12021): Found 1 design units, including 1 entities, in source file moduloconvertidorbinariobcd.sv
    Info (12023): Found entity 1: moduloConvertidorBinarioBCD File: C:/Users/osaro/OneDrive/Escritorio/oaraya_computer_architecture_1_2023/laboratorio2/moduloConvertidorBinarioBCD.sv Line: 1
Info (12021): Found 1 design units, including 1 entities, in source file modulodisplaybcdsietesegmentossv.sv
    Info (12023): Found entity 1: moduloDisplayBCDSieteSegmentos File: C:/Users/osaro/OneDrive/Escritorio/oaraya_computer_architecture_1_2023/laboratorio2/moduloDisplayBCDSieteSegmentossv.sv Line: 1
Info (12021): Found 1 design units, including 1 entities, in source file testbenchmoduloconvertidorbinariobcd.sv
    Info (12023): Found entity 1: testbenchModuloConvertidorBinarioBCD File: C:/Users/osaro/OneDrive/Escritorio/oaraya_computer_architecture_1_2023/laboratorio2/testbenchModuloConvertidorBinarioBCD.sv Line: 3
Info (12127): Elaborating entity "problema1" for the top level hierarchy
Info (12128): Elaborating entity "moduloConvertidorBinarioBCD" for hierarchy "moduloConvertidorBinarioBCD:instanciaModuloConvertidorBinarioBCD" File: C:/Users/osaro/OneDrive/Escritorio/oaraya_computer_architecture_1_2023/laboratorio2/problema1.sv Line: 16
Info (12128): Elaborating entity "moduloDisplayBCDSieteSegmentos" for hierarchy "moduloDisplayBCDSieteSegmentos:instanciaModuloDisplayBCDSieteSegmentos" File: C:/Users/osaro/OneDrive/Escritorio/oaraya_computer_architecture_1_2023/laboratorio2/problema1.sv Line: 26
Warning (12241): 1 hierarchies have connectivity warnings - see the Connectivity Checks report folder
Warning (13024): Output pins are stuck at VCC or GND
    Warning (13410): Pin "sieteSegmentos0[0]" is stuck at VCC File: C:/Users/osaro/OneDrive/Escritorio/oaraya_computer_architecture_1_2023/laboratorio2/problema1.sv Line: 4
    Warning (13410): Pin "sieteSegmentos0[4]" is stuck at GND File: C:/Users/osaro/OneDrive/Escritorio/oaraya_computer_architecture_1_2023/laboratorio2/problema1.sv Line: 4
    Warning (13410): Pin "sieteSegmentos0[5]" is stuck at GND File: C:/Users/osaro/OneDrive/Escritorio/oaraya_computer_architecture_1_2023/laboratorio2/problema1.sv Line: 4
    Warning (13410): Pin "sieteSegmentos1[0]" is stuck at VCC File: C:/Users/osaro/OneDrive/Escritorio/oaraya_computer_architecture_1_2023/laboratorio2/problema1.sv Line: 5
    Warning (13410): Pin "sieteSegmentos1[4]" is stuck at GND File: C:/Users/osaro/OneDrive/Escritorio/oaraya_computer_architecture_1_2023/laboratorio2/problema1.sv Line: 5
    Warning (13410): Pin "sieteSegmentos1[5]" is stuck at GND File: C:/Users/osaro/OneDrive/Escritorio/oaraya_computer_architecture_1_2023/laboratorio2/problema1.sv Line: 5
    Warning (13410): Pin "sieteSegmentos2[0]" is stuck at VCC File: C:/Users/osaro/OneDrive/Escritorio/oaraya_computer_architecture_1_2023/laboratorio2/problema1.sv Line: 6
    Warning (13410): Pin "sieteSegmentos2[4]" is stuck at GND File: C:/Users/osaro/OneDrive/Escritorio/oaraya_computer_architecture_1_2023/laboratorio2/problema1.sv Line: 6
    Warning (13410): Pin "sieteSegmentos2[5]" is stuck at GND File: C:/Users/osaro/OneDrive/Escritorio/oaraya_computer_architecture_1_2023/laboratorio2/problema1.sv Line: 6
    Warning (13410): Pin "sieteSegmentos3[0]" is stuck at VCC File: C:/Users/osaro/OneDrive/Escritorio/oaraya_computer_architecture_1_2023/laboratorio2/problema1.sv Line: 7
    Warning (13410): Pin "sieteSegmentos3[4]" is stuck at GND File: C:/Users/osaro/OneDrive/Escritorio/oaraya_computer_architecture_1_2023/laboratorio2/problema1.sv Line: 7
    Warning (13410): Pin "sieteSegmentos3[5]" is stuck at GND File: C:/Users/osaro/OneDrive/Escritorio/oaraya_computer_architecture_1_2023/laboratorio2/problema1.sv Line: 7
    Warning (13410): Pin "sieteSegmentos4[0]" is stuck at VCC File: C:/Users/osaro/OneDrive/Escritorio/oaraya_computer_architecture_1_2023/laboratorio2/problema1.sv Line: 8
    Warning (13410): Pin "sieteSegmentos4[4]" is stuck at GND File: C:/Users/osaro/OneDrive/Escritorio/oaraya_computer_architecture_1_2023/laboratorio2/problema1.sv Line: 8
    Warning (13410): Pin "sieteSegmentos4[5]" is stuck at GND File: C:/Users/osaro/OneDrive/Escritorio/oaraya_computer_architecture_1_2023/laboratorio2/problema1.sv Line: 8
Info (286030): Timing-Driven Synthesis is running
Info (16010): Generating hard_block partition "hard_block:auto_generated_inst"
    Info (16011): Adding 0 node(s), including 0 DDIO, 0 PLL, 0 transceiver and 0 LCELL
Info (21057): Implemented 43 device resources after synthesis - the final resource count might be different
    Info (21058): Implemented 4 input pins
    Info (21059): Implemented 35 output pins
    Info (21061): Implemented 4 logic cells
Info: Quartus Prime Analysis & Synthesis was successful. 0 errors, 18 warnings
    Info: Peak virtual memory: 4832 megabytes
    Info: Processing ended: Mon Mar 13 22:43:06 2023
    Info: Elapsed time: 00:00:15
    Info: Total CPU time (on all processors): 00:00:36


