Analysis & Synthesis report for problema3
Tue Mar 14 02:18:22 2023
Quartus Prime Version 20.1.0 Build 711 06/05/2020 SJ Lite Edition


---------------------
; Table of Contents ;
---------------------
  1. Legal Notice
  2. Analysis & Synthesis Summary
  3. Analysis & Synthesis Settings
  4. Parallel Compilation
  5. Analysis & Synthesis Source Files Read
  6. Analysis & Synthesis Resource Usage Summary
  7. Analysis & Synthesis Resource Utilization by Entity
  8. User-Specified and Inferred Latches
  9. General Register Statistics
 10. Multiplexer Restructuring Statistics (Restructuring Performed)
 11. Parameter Settings for User Entity Instance: moduloContadorRegresivoParametrizable:instanciaModuloContadorRegresivoParametrizable
 12. Port Connectivity Checks: "moduloDisplaySieteSegmentos:instanciaModuloDisplaySieteSegmentos"
 13. Port Connectivity Checks: "moduloContadorRegresivoParametrizable:instanciaModuloContadorRegresivoParametrizable"
 14. Post-Synthesis Netlist Statistics for Top Partition
 15. Elapsed Time Per Partition
 16. Analysis & Synthesis Messages



----------------
; Legal Notice ;
----------------
Copyright (C) 2020  Intel Corporation. All rights reserved.
Your use of Intel Corporation's design tools, logic functions 
and other software and tools, and any partner logic 
functions, and any output files from any of the foregoing 
(including device programming or simulation files), and any 
associated documentation or information are expressly subject 
to the terms and conditions of the Intel Program License 
Subscription Agreement, the Intel Quartus Prime License Agreement,
the Intel FPGA IP License Agreement, or other applicable license
agreement, including, without limitation, that your use is for
the sole purpose of programming logic devices manufactured by
Intel and sold by Intel or its authorized distributors.  Please
refer to the applicable agreement for further details, at
https://fpgasoftware.intel.com/eula.



+-------------------------------------------------------------------------------+
; Analysis & Synthesis Summary                                                  ;
+---------------------------------+---------------------------------------------+
; Analysis & Synthesis Status     ; Successful - Tue Mar 14 02:18:22 2023       ;
; Quartus Prime Version           ; 20.1.0 Build 711 06/05/2020 SJ Lite Edition ;
; Revision Name                   ; problema3                                   ;
; Top-level Entity Name           ; problema3                                   ;
; Family                          ; Cyclone V                                   ;
; Logic utilization (in ALMs)     ; N/A                                         ;
; Total registers                 ; 0                                           ;
; Total pins                      ; 46                                          ;
; Total virtual pins              ; 0                                           ;
; Total block memory bits         ; 0                                           ;
; Total DSP Blocks                ; 0                                           ;
; Total HSSI RX PCSs              ; 0                                           ;
; Total HSSI PMA RX Deserializers ; 0                                           ;
; Total HSSI TX PCSs              ; 0                                           ;
; Total HSSI PMA TX Serializers   ; 0                                           ;
; Total PLLs                      ; 0                                           ;
; Total DLLs                      ; 0                                           ;
+---------------------------------+---------------------------------------------+


+---------------------------------------------------------------------------------------------------------------------------+
; Analysis & Synthesis Settings                                                                                             ;
+---------------------------------------------------------------------------------+--------------------+--------------------+
; Option                                                                          ; Setting            ; Default Value      ;
+---------------------------------------------------------------------------------+--------------------+--------------------+
; Device                                                                          ; 5CSEMA5F31C6       ;                    ;
; Top-level entity name                                                           ; problema3          ; problema3          ;
; Family name                                                                     ; Cyclone V          ; Cyclone V          ;
; Use smart compilation                                                           ; Off                ; Off                ;
; Enable parallel Assembler and Timing Analyzer during compilation                ; On                 ; On                 ;
; Enable compact report table                                                     ; Off                ; Off                ;
; Restructure Multiplexers                                                        ; Auto               ; Auto               ;
; MLAB Add Timing Constraints For Mixed-Port Feed-Through Mode Setting Don't Care ; Off                ; Off                ;
; Create Debugging Nodes for IP Cores                                             ; Off                ; Off                ;
; Preserve fewer node names                                                       ; On                 ; On                 ;
; Intel FPGA IP Evaluation Mode                                                   ; Enable             ; Enable             ;
; Verilog Version                                                                 ; Verilog_2001       ; Verilog_2001       ;
; VHDL Version                                                                    ; VHDL_1993          ; VHDL_1993          ;
; State Machine Processing                                                        ; Auto               ; Auto               ;
; Safe State Machine                                                              ; Off                ; Off                ;
; Extract Verilog State Machines                                                  ; On                 ; On                 ;
; Extract VHDL State Machines                                                     ; On                 ; On                 ;
; Ignore Verilog initial constructs                                               ; Off                ; Off                ;
; Iteration limit for constant Verilog loops                                      ; 5000               ; 5000               ;
; Iteration limit for non-constant Verilog loops                                  ; 250                ; 250                ;
; Add Pass-Through Logic to Inferred RAMs                                         ; On                 ; On                 ;
; Infer RAMs from Raw Logic                                                       ; On                 ; On                 ;
; Parallel Synthesis                                                              ; On                 ; On                 ;
; DSP Block Balancing                                                             ; Auto               ; Auto               ;
; NOT Gate Push-Back                                                              ; On                 ; On                 ;
; Power-Up Don't Care                                                             ; On                 ; On                 ;
; Remove Redundant Logic Cells                                                    ; Off                ; Off                ;
; Remove Duplicate Registers                                                      ; On                 ; On                 ;
; Ignore CARRY Buffers                                                            ; Off                ; Off                ;
; Ignore CASCADE Buffers                                                          ; Off                ; Off                ;
; Ignore GLOBAL Buffers                                                           ; Off                ; Off                ;
; Ignore ROW GLOBAL Buffers                                                       ; Off                ; Off                ;
; Ignore LCELL Buffers                                                            ; Off                ; Off                ;
; Ignore SOFT Buffers                                                             ; On                 ; On                 ;
; Limit AHDL Integers to 32 Bits                                                  ; Off                ; Off                ;
; Optimization Technique                                                          ; Balanced           ; Balanced           ;
; Carry Chain Length                                                              ; 70                 ; 70                 ;
; Auto Carry Chains                                                               ; On                 ; On                 ;
; Auto Open-Drain Pins                                                            ; On                 ; On                 ;
; Perform WYSIWYG Primitive Resynthesis                                           ; Off                ; Off                ;
; Auto ROM Replacement                                                            ; On                 ; On                 ;
; Auto RAM Replacement                                                            ; On                 ; On                 ;
; Auto DSP Block Replacement                                                      ; On                 ; On                 ;
; Auto Shift Register Replacement                                                 ; Auto               ; Auto               ;
; Allow Shift Register Merging across Hierarchies                                 ; Auto               ; Auto               ;
; Auto Clock Enable Replacement                                                   ; On                 ; On                 ;
; Strict RAM Replacement                                                          ; Off                ; Off                ;
; Allow Synchronous Control Signals                                               ; On                 ; On                 ;
; Force Use of Synchronous Clear Signals                                          ; Off                ; Off                ;
; Auto Resource Sharing                                                           ; Off                ; Off                ;
; Allow Any RAM Size For Recognition                                              ; Off                ; Off                ;
; Allow Any ROM Size For Recognition                                              ; Off                ; Off                ;
; Allow Any Shift Register Size For Recognition                                   ; Off                ; Off                ;
; Use LogicLock Constraints during Resource Balancing                             ; On                 ; On                 ;
; Ignore translate_off and synthesis_off directives                               ; Off                ; Off                ;
; Timing-Driven Synthesis                                                         ; On                 ; On                 ;
; Report Parameter Settings                                                       ; On                 ; On                 ;
; Report Source Assignments                                                       ; On                 ; On                 ;
; Report Connectivity Checks                                                      ; On                 ; On                 ;
; Ignore Maximum Fan-Out Assignments                                              ; Off                ; Off                ;
; Synchronization Register Chain Length                                           ; 3                  ; 3                  ;
; Power Optimization During Synthesis                                             ; Normal compilation ; Normal compilation ;
; HDL message level                                                               ; Level2             ; Level2             ;
; Suppress Register Optimization Related Messages                                 ; Off                ; Off                ;
; Number of Removed Registers Reported in Synthesis Report                        ; 5000               ; 5000               ;
; Number of Swept Nodes Reported in Synthesis Report                              ; 5000               ; 5000               ;
; Number of Inverted Registers Reported in Synthesis Report                       ; 100                ; 100                ;
; Clock MUX Protection                                                            ; On                 ; On                 ;
; Auto Gated Clock Conversion                                                     ; Off                ; Off                ;
; Block Design Naming                                                             ; Auto               ; Auto               ;
; SDC constraint protection                                                       ; Off                ; Off                ;
; Synthesis Effort                                                                ; Auto               ; Auto               ;
; Shift Register Replacement - Allow Asynchronous Clear Signal                    ; On                 ; On                 ;
; Pre-Mapping Resynthesis Optimization                                            ; Off                ; Off                ;
; Analysis & Synthesis Message Level                                              ; Medium             ; Medium             ;
; Disable Register Merging Across Hierarchies                                     ; Auto               ; Auto               ;
; Resource Aware Inference For Block RAM                                          ; On                 ; On                 ;
; Automatic Parallel Synthesis                                                    ; On                 ; On                 ;
; Partial Reconfiguration Bitstream ID                                            ; Off                ; Off                ;
+---------------------------------------------------------------------------------+--------------------+--------------------+


+------------------------------------------+
; Parallel Compilation                     ;
+----------------------------+-------------+
; Processors                 ; Number      ;
+----------------------------+-------------+
; Number detected on machine ; 8           ;
; Maximum allowed            ; 8           ;
;                            ;             ;
; Average used               ; 1.00        ;
; Maximum used               ; 8           ;
;                            ;             ;
; Usage by Processor         ; % Time Used ;
;     Processor 1            ; 100.0%      ;
;     Processors 2-8         ;   0.1%      ;
+----------------------------+-------------+


+----------------------------------------------------------------------------------------------------------------------------------------------------------------------------------------------------------------------------------------------+
; Analysis & Synthesis Source Files Read                                                                                                                                                                                                       ;
+------------------------------------------+-----------------+------------------------------+----------------------------------------------------------------------------------------------------------------------------------------+---------+
; File Name with User-Entered Path         ; Used in Netlist ; File Type                    ; File Name with Absolute Path                                                                                                           ; Library ;
+------------------------------------------+-----------------+------------------------------+----------------------------------------------------------------------------------------------------------------------------------------+---------+
; moduloContadorRegresivoParametrizable.sv ; yes             ; User SystemVerilog HDL File  ; C:/Users/osaro/OneDrive/Escritorio/oaraya_computer_architecture_1_2023/laboratorio2/problema3/moduloContadorRegresivoParametrizable.sv ;         ;
; moduloDisplaySieteSegmentos.sv           ; yes             ; User SystemVerilog HDL File  ; C:/Users/osaro/OneDrive/Escritorio/oaraya_computer_architecture_1_2023/laboratorio2/problema3/moduloDisplaySieteSegmentos.sv           ;         ;
; problema3.sv                             ; yes             ; User SystemVerilog HDL File  ; C:/Users/osaro/OneDrive/Escritorio/oaraya_computer_architecture_1_2023/laboratorio2/problema3/problema3.sv                             ;         ;
+------------------------------------------+-----------------+------------------------------+----------------------------------------------------------------------------------------------------------------------------------------+---------+


+--------------------------------------------------------------+
; Analysis & Synthesis Resource Usage Summary                  ;
+---------------------------------------------+----------------+
; Resource                                    ; Usage          ;
+---------------------------------------------+----------------+
; Estimate of Logic utilization (ALMs needed) ; 20             ;
;                                             ;                ;
; Combinational ALUT usage for logic          ; 32             ;
;     -- 7 input functions                    ; 1              ;
;     -- 6 input functions                    ; 6              ;
;     -- 5 input functions                    ; 4              ;
;     -- 4 input functions                    ; 14             ;
;     -- <=3 input functions                  ; 7              ;
;                                             ;                ;
; Dedicated logic registers                   ; 0              ;
;                                             ;                ;
; I/O pins                                    ; 46             ;
;                                             ;                ;
; Total DSP Blocks                            ; 0              ;
;                                             ;                ;
; Maximum fan-out node                        ; reinicio~input ;
; Maximum fan-out                             ; 13             ;
; Total fan-out                               ; 187            ;
; Average fan-out                             ; 1.51           ;
+---------------------------------------------+----------------+


+-------------------------------------------------------------------------------------------------------------------------------------------------------------------------------------------------------------------------------------------------------------------------------------------------------------------------------------------------------------+
; Analysis & Synthesis Resource Utilization by Entity                                                                                                                                                                                                                                                                                                         ;
+-------------------------------------------------------------------------------------------+---------------------+---------------------------+-------------------+------------+------+--------------+-------------------------------------------------------------------------------------------------+---------------------------------------+--------------+
; Compilation Hierarchy Node                                                                ; Combinational ALUTs ; Dedicated Logic Registers ; Block Memory Bits ; DSP Blocks ; Pins ; Virtual Pins ; Full Hierarchy Name                                                                             ; Entity Name                           ; Library Name ;
+-------------------------------------------------------------------------------------------+---------------------+---------------------------+-------------------+------------+------+--------------+-------------------------------------------------------------------------------------------------+---------------------------------------+--------------+
; |problema3                                                                                ; 32 (0)              ; 0 (0)                     ; 0                 ; 0          ; 46   ; 0            ; |problema3                                                                                      ; problema3                             ; work         ;
;    |moduloContadorRegresivoParametrizable:instanciaModuloContadorRegresivoParametrizable| ; 30 (30)             ; 0 (0)                     ; 0                 ; 0          ; 0    ; 0            ; |problema3|moduloContadorRegresivoParametrizable:instanciaModuloContadorRegresivoParametrizable ; moduloContadorRegresivoParametrizable ; work         ;
;    |moduloDisplaySieteSegmentos:instanciaModuloDisplaySieteSegmentos|                     ; 2 (2)               ; 0 (0)                     ; 0                 ; 0          ; 0    ; 0            ; |problema3|moduloDisplaySieteSegmentos:instanciaModuloDisplaySieteSegmentos                     ; moduloDisplaySieteSegmentos           ; work         ;
+-------------------------------------------------------------------------------------------+---------------------+---------------------------+-------------------+------------+------+--------------+-------------------------------------------------------------------------------------------------+---------------------------------------+--------------+
Note: For table entries with two numbers listed, the numbers in parentheses indicate the number of resources of the given type used by the specific entity alone. The numbers listed outside of parentheses indicate the total resources of the given type used by the specific entity and all of its sub-entities in the hierarchy.


+----------------------------------------------------------------------------------------------------------------------------------------------------------------------------------------------------------------------------------------------------+
; User-Specified and Inferred Latches                                                                                                                                                                                                                ;
+-------------------------------------------------------------------------------------------------------------+-------------------------------------------------------------------------------------------------------------+------------------------+
; Latch Name                                                                                                  ; Latch Enable Signal                                                                                         ; Free of Timing Hazards ;
+-------------------------------------------------------------------------------------------------------------+-------------------------------------------------------------------------------------------------------------+------------------------+
; moduloContadorRegresivoParametrizable:instanciaModuloContadorRegresivoParametrizable|salidaContador[5]      ; moduloContadorRegresivoParametrizable:instanciaModuloContadorRegresivoParametrizable|salidaContador[5]      ; yes                    ;
; moduloContadorRegresivoParametrizable:instanciaModuloContadorRegresivoParametrizable|salidaContador[4]      ; moduloContadorRegresivoParametrizable:instanciaModuloContadorRegresivoParametrizable|salidaContador[5]      ; yes                    ;
; moduloContadorRegresivoParametrizable:instanciaModuloContadorRegresivoParametrizable|salidaContador[3]      ; moduloContadorRegresivoParametrizable:instanciaModuloContadorRegresivoParametrizable|salidaContador[5]      ; yes                    ;
; moduloContadorRegresivoParametrizable:instanciaModuloContadorRegresivoParametrizable|salidaContador[2]      ; moduloContadorRegresivoParametrizable:instanciaModuloContadorRegresivoParametrizable|salidaContador[5]      ; yes                    ;
; moduloContadorRegresivoParametrizable:instanciaModuloContadorRegresivoParametrizable|salidaContador[1]      ; moduloContadorRegresivoParametrizable:instanciaModuloContadorRegresivoParametrizable|salidaContador[5]      ; yes                    ;
; moduloContadorRegresivoParametrizable:instanciaModuloContadorRegresivoParametrizable|salidaContador[0]      ; moduloContadorRegresivoParametrizable:instanciaModuloContadorRegresivoParametrizable|salidaContador[5]      ; yes                    ;
; moduloContadorRegresivoParametrizable:instanciaModuloContadorRegresivoParametrizable|numeroIniciarCuenta[5] ; moduloContadorRegresivoParametrizable:instanciaModuloContadorRegresivoParametrizable|numeroIniciarCuenta[5] ; yes                    ;
; moduloContadorRegresivoParametrizable:instanciaModuloContadorRegresivoParametrizable|numeroIniciarCuenta[4] ; moduloContadorRegresivoParametrizable:instanciaModuloContadorRegresivoParametrizable|numeroIniciarCuenta[5] ; yes                    ;
; moduloContadorRegresivoParametrizable:instanciaModuloContadorRegresivoParametrizable|numeroIniciarCuenta[3] ; moduloContadorRegresivoParametrizable:instanciaModuloContadorRegresivoParametrizable|numeroIniciarCuenta[5] ; yes                    ;
; moduloContadorRegresivoParametrizable:instanciaModuloContadorRegresivoParametrizable|numeroIniciarCuenta[2] ; moduloContadorRegresivoParametrizable:instanciaModuloContadorRegresivoParametrizable|numeroIniciarCuenta[5] ; yes                    ;
; moduloContadorRegresivoParametrizable:instanciaModuloContadorRegresivoParametrizable|numeroIniciarCuenta[1] ; moduloContadorRegresivoParametrizable:instanciaModuloContadorRegresivoParametrizable|numeroIniciarCuenta[5] ; yes                    ;
; moduloContadorRegresivoParametrizable:instanciaModuloContadorRegresivoParametrizable|numeroIniciarCuenta[0] ; moduloContadorRegresivoParametrizable:instanciaModuloContadorRegresivoParametrizable|numeroIniciarCuenta[5] ; yes                    ;
; moduloContadorRegresivoParametrizable:instanciaModuloContadorRegresivoParametrizable|cuentaIniciada         ; moduloContadorRegresivoParametrizable:instanciaModuloContadorRegresivoParametrizable|cuentaIniciada         ; yes                    ;
; Number of user-specified and inferred latches = 13                                                          ;                                                                                                             ;                        ;
+-------------------------------------------------------------------------------------------------------------+-------------------------------------------------------------------------------------------------------------+------------------------+
Note: All latches listed above may not be present at the end of synthesis due to various synthesis optimizations.


+------------------------------------------------------+
; General Register Statistics                          ;
+----------------------------------------------+-------+
; Statistic                                    ; Value ;
+----------------------------------------------+-------+
; Total registers                              ; 0     ;
; Number of registers using Synchronous Clear  ; 0     ;
; Number of registers using Synchronous Load   ; 0     ;
; Number of registers using Asynchronous Clear ; 0     ;
; Number of registers using Asynchronous Load  ; 0     ;
; Number of registers using Clock Enable       ; 0     ;
; Number of registers using Preset             ; 0     ;
+----------------------------------------------+-------+


+---------------------------------------------------------------------------------------------------------------------------------------------------------------------------------------------------------------------------------+
; Multiplexer Restructuring Statistics (Restructuring Performed)                                                                                                                                                                  ;
+--------------------+-----------+---------------+----------------------+------------------------+------------+-------------------------------------------------------------------------------------------------------------------+
; Multiplexer Inputs ; Bus Width ; Baseline Area ; Area if Restructured ; Saving if Restructured ; Registered ; Example Multiplexer Output                                                                                        ;
+--------------------+-----------+---------------+----------------------+------------------------+------------+-------------------------------------------------------------------------------------------------------------------+
; 3:1                ; 6 bits    ; 12 LEs        ; 12 LEs               ; 0 LEs                  ; No         ; |problema3|moduloContadorRegresivoParametrizable:instanciaModuloContadorRegresivoParametrizable|salidaContador[0] ;
+--------------------+-----------+---------------+----------------------+------------------------+------------+-------------------------------------------------------------------------------------------------------------------+


+-----------------------------------------------------------------------------------------------------------------------------------+
; Parameter Settings for User Entity Instance: moduloContadorRegresivoParametrizable:instanciaModuloContadorRegresivoParametrizable ;
+----------------+-------+----------------------------------------------------------------------------------------------------------+
; Parameter Name ; Value ; Type                                                                                                     ;
+----------------+-------+----------------------------------------------------------------------------------------------------------+
; cantidadBits   ; 6     ; Signed Integer                                                                                           ;
+----------------+-------+----------------------------------------------------------------------------------------------------------+
Note: In order to hide this table in the UI and the text report file, please set the "Show Parameter Settings in Synthesis Report" option in "Analysis and Synthesis Settings -> More Settings" to "Off".


+-----------------------------------------------------------------------------------------------------------------------------------------------------------------------------------------------------------------------+
; Port Connectivity Checks: "moduloDisplaySieteSegmentos:instanciaModuloDisplaySieteSegmentos"                                                                                                                          ;
+-----------------+-------+----------+----------------------------------------------------------------------------------------------------------------------------------------------------------------------------------+
; Port            ; Type  ; Severity ; Details                                                                                                                                                                          ;
+-----------------+-------+----------+----------------------------------------------------------------------------------------------------------------------------------------------------------------------------------+
; entradaContador ; Input ; Warning  ; Input port expression (7 bits) is wider than the input port (6 bits) it drives.  The 1 most-significant bit(s) in the expression will be dangling if they have no other fanouts. ;
+-----------------+-------+----------+----------------------------------------------------------------------------------------------------------------------------------------------------------------------------------+


+------------------------------------------------------------------------------------------------------------------------------------------------------------------------------------------------------------+
; Port Connectivity Checks: "moduloContadorRegresivoParametrizable:instanciaModuloContadorRegresivoParametrizable"                                                                                           ;
+----------------+--------+----------+-----------------------------------------------------------------------------------------------------------------------------------------------------------------------+
; Port           ; Type   ; Severity ; Details                                                                                                                                                               ;
+----------------+--------+----------+-----------------------------------------------------------------------------------------------------------------------------------------------------------------------+
; salidaContador ; Output ; Warning  ; Output or bidir port (6 bits) is smaller than the port expression (7 bits) it drives.  The 1 most-significant bit(s) in the port expression will be connected to GND. ;
+----------------+--------+----------+-----------------------------------------------------------------------------------------------------------------------------------------------------------------------+


+-----------------------------------------------------+
; Post-Synthesis Netlist Statistics for Top Partition ;
+-----------------------+-----------------------------+
; Type                  ; Count                       ;
+-----------------------+-----------------------------+
; arriav_lcell_comb     ; 34                          ;
;     extend            ; 1                           ;
;         7 data inputs ; 1                           ;
;     normal            ; 33                          ;
;         0 data inputs ; 2                           ;
;         2 data inputs ; 3                           ;
;         3 data inputs ; 4                           ;
;         4 data inputs ; 14                          ;
;         5 data inputs ; 4                           ;
;         6 data inputs ; 6                           ;
; boundary_port         ; 46                          ;
;                       ;                             ;
; Max LUT depth         ; 3.00                        ;
; Average LUT depth     ; 2.34                        ;
+-----------------------+-----------------------------+


+-------------------------------+
; Elapsed Time Per Partition    ;
+----------------+--------------+
; Partition Name ; Elapsed Time ;
+----------------+--------------+
; Top            ; 00:00:01     ;
+----------------+--------------+


+-------------------------------+
; Analysis & Synthesis Messages ;
+-------------------------------+
Info: *******************************************************************
Info: Running Quartus Prime Analysis & Synthesis
    Info: Version 20.1.0 Build 711 06/05/2020 SJ Lite Edition
    Info: Processing started: Tue Mar 14 02:18:03 2023
Info: Command: quartus_map --read_settings_files=on --write_settings_files=off problema3 -c problema3
Warning (18236): Number of processors has not been specified which may cause overloading on shared machines.  Set the global assignment NUM_PARALLEL_PROCESSORS in your QSF to an appropriate value for best performance.
Info (20030): Parallel compilation is enabled and will use 8 of the 8 processors detected
Info (12021): Found 1 design units, including 1 entities, in source file modulocontadorregresivoparametrizable.sv
    Info (12023): Found entity 1: moduloContadorRegresivoParametrizable File: C:/Users/osaro/OneDrive/Escritorio/oaraya_computer_architecture_1_2023/laboratorio2/problema3/moduloContadorRegresivoParametrizable.sv Line: 1
Info (12021): Found 1 design units, including 1 entities, in source file testbenchmodulocontadorregresivoparametrizable.sv
    Info (12023): Found entity 1: testbenchModuloContadorRegresivoParametrizable File: C:/Users/osaro/OneDrive/Escritorio/oaraya_computer_architecture_1_2023/laboratorio2/problema3/testbenchModuloContadorRegresivoParametrizable.sv Line: 3
Info (12021): Found 1 design units, including 1 entities, in source file modulodisplaysietesegmentos.sv
    Info (12023): Found entity 1: moduloDisplaySieteSegmentos File: C:/Users/osaro/OneDrive/Escritorio/oaraya_computer_architecture_1_2023/laboratorio2/problema3/moduloDisplaySieteSegmentos.sv Line: 1
Warning (10275): Verilog HDL Module Instantiation warning at problema3.sv(33): ignored dangling comma in List of Port Connections File: C:/Users/osaro/OneDrive/Escritorio/oaraya_computer_architecture_1_2023/laboratorio2/problema3/problema3.sv Line: 33
Info (12021): Found 1 design units, including 1 entities, in source file problema3.sv
    Info (12023): Found entity 1: problema3 File: C:/Users/osaro/OneDrive/Escritorio/oaraya_computer_architecture_1_2023/laboratorio2/problema3/problema3.sv Line: 1
Info (12127): Elaborating entity "problema3" for the top level hierarchy
Info (12128): Elaborating entity "moduloContadorRegresivoParametrizable" for hierarchy "moduloContadorRegresivoParametrizable:instanciaModuloContadorRegresivoParametrizable" File: C:/Users/osaro/OneDrive/Escritorio/oaraya_computer_architecture_1_2023/laboratorio2/problema3/problema3.sv Line: 22
Warning (10235): Verilog HDL Always Construct warning at moduloContadorRegresivoParametrizable.sv(18): variable "cuentaIniciada" is read inside the Always Construct but isn't in the Always Construct's Event Control File: C:/Users/osaro/OneDrive/Escritorio/oaraya_computer_architecture_1_2023/laboratorio2/problema3/moduloContadorRegresivoParametrizable.sv Line: 18
Warning (10235): Verilog HDL Always Construct warning at moduloContadorRegresivoParametrizable.sv(19): variable "numeroIniciarCuenta" is read inside the Always Construct but isn't in the Always Construct's Event Control File: C:/Users/osaro/OneDrive/Escritorio/oaraya_computer_architecture_1_2023/laboratorio2/problema3/moduloContadorRegresivoParametrizable.sv Line: 19
Warning (10230): Verilog HDL assignment warning at moduloContadorRegresivoParametrizable.sv(19): truncated value with size 32 to match size of target (6) File: C:/Users/osaro/OneDrive/Escritorio/oaraya_computer_architecture_1_2023/laboratorio2/problema3/moduloContadorRegresivoParametrizable.sv Line: 19
Warning (10235): Verilog HDL Always Construct warning at moduloContadorRegresivoParametrizable.sv(27): variable "salidaContador" is read inside the Always Construct but isn't in the Always Construct's Event Control File: C:/Users/osaro/OneDrive/Escritorio/oaraya_computer_architecture_1_2023/laboratorio2/problema3/moduloContadorRegresivoParametrizable.sv Line: 27
Warning (10235): Verilog HDL Always Construct warning at moduloContadorRegresivoParametrizable.sv(27): variable "numeroIniciarCuenta" is read inside the Always Construct but isn't in the Always Construct's Event Control File: C:/Users/osaro/OneDrive/Escritorio/oaraya_computer_architecture_1_2023/laboratorio2/problema3/moduloContadorRegresivoParametrizable.sv Line: 27
Warning (10235): Verilog HDL Always Construct warning at moduloContadorRegresivoParametrizable.sv(28): variable "salidaContador" is read inside the Always Construct but isn't in the Always Construct's Event Control File: C:/Users/osaro/OneDrive/Escritorio/oaraya_computer_architecture_1_2023/laboratorio2/problema3/moduloContadorRegresivoParametrizable.sv Line: 28
Warning (10230): Verilog HDL assignment warning at moduloContadorRegresivoParametrizable.sv(28): truncated value with size 32 to match size of target (6) File: C:/Users/osaro/OneDrive/Escritorio/oaraya_computer_architecture_1_2023/laboratorio2/problema3/moduloContadorRegresivoParametrizable.sv Line: 28
Warning (10240): Verilog HDL Always Construct warning at moduloContadorRegresivoParametrizable.sv(11): inferring latch(es) for variable "salidaContador", which holds its previous value in one or more paths through the always construct File: C:/Users/osaro/OneDrive/Escritorio/oaraya_computer_architecture_1_2023/laboratorio2/problema3/moduloContadorRegresivoParametrizable.sv Line: 11
Warning (10240): Verilog HDL Always Construct warning at moduloContadorRegresivoParametrizable.sv(11): inferring latch(es) for variable "cuentaIniciada", which holds its previous value in one or more paths through the always construct File: C:/Users/osaro/OneDrive/Escritorio/oaraya_computer_architecture_1_2023/laboratorio2/problema3/moduloContadorRegresivoParametrizable.sv Line: 11
Warning (10240): Verilog HDL Always Construct warning at moduloContadorRegresivoParametrizable.sv(11): inferring latch(es) for variable "numeroIniciarCuenta", which holds its previous value in one or more paths through the always construct File: C:/Users/osaro/OneDrive/Escritorio/oaraya_computer_architecture_1_2023/laboratorio2/problema3/moduloContadorRegresivoParametrizable.sv Line: 11
Info (10041): Inferred latch for "numeroIniciarCuenta[0]" at moduloContadorRegresivoParametrizable.sv(18) File: C:/Users/osaro/OneDrive/Escritorio/oaraya_computer_architecture_1_2023/laboratorio2/problema3/moduloContadorRegresivoParametrizable.sv Line: 18
Info (10041): Inferred latch for "numeroIniciarCuenta[1]" at moduloContadorRegresivoParametrizable.sv(18) File: C:/Users/osaro/OneDrive/Escritorio/oaraya_computer_architecture_1_2023/laboratorio2/problema3/moduloContadorRegresivoParametrizable.sv Line: 18
Info (10041): Inferred latch for "numeroIniciarCuenta[2]" at moduloContadorRegresivoParametrizable.sv(18) File: C:/Users/osaro/OneDrive/Escritorio/oaraya_computer_architecture_1_2023/laboratorio2/problema3/moduloContadorRegresivoParametrizable.sv Line: 18
Info (10041): Inferred latch for "numeroIniciarCuenta[3]" at moduloContadorRegresivoParametrizable.sv(18) File: C:/Users/osaro/OneDrive/Escritorio/oaraya_computer_architecture_1_2023/laboratorio2/problema3/moduloContadorRegresivoParametrizable.sv Line: 18
Info (10041): Inferred latch for "numeroIniciarCuenta[4]" at moduloContadorRegresivoParametrizable.sv(18) File: C:/Users/osaro/OneDrive/Escritorio/oaraya_computer_architecture_1_2023/laboratorio2/problema3/moduloContadorRegresivoParametrizable.sv Line: 18
Info (10041): Inferred latch for "numeroIniciarCuenta[5]" at moduloContadorRegresivoParametrizable.sv(18) File: C:/Users/osaro/OneDrive/Escritorio/oaraya_computer_architecture_1_2023/laboratorio2/problema3/moduloContadorRegresivoParametrizable.sv Line: 18
Info (10041): Inferred latch for "cuentaIniciada" at moduloContadorRegresivoParametrizable.sv(18) File: C:/Users/osaro/OneDrive/Escritorio/oaraya_computer_architecture_1_2023/laboratorio2/problema3/moduloContadorRegresivoParametrizable.sv Line: 18
Info (10041): Inferred latch for "salidaContador[0]" at moduloContadorRegresivoParametrizable.sv(18) File: C:/Users/osaro/OneDrive/Escritorio/oaraya_computer_architecture_1_2023/laboratorio2/problema3/moduloContadorRegresivoParametrizable.sv Line: 18
Info (10041): Inferred latch for "salidaContador[1]" at moduloContadorRegresivoParametrizable.sv(18) File: C:/Users/osaro/OneDrive/Escritorio/oaraya_computer_architecture_1_2023/laboratorio2/problema3/moduloContadorRegresivoParametrizable.sv Line: 18
Info (10041): Inferred latch for "salidaContador[2]" at moduloContadorRegresivoParametrizable.sv(18) File: C:/Users/osaro/OneDrive/Escritorio/oaraya_computer_architecture_1_2023/laboratorio2/problema3/moduloContadorRegresivoParametrizable.sv Line: 18
Info (10041): Inferred latch for "salidaContador[3]" at moduloContadorRegresivoParametrizable.sv(18) File: C:/Users/osaro/OneDrive/Escritorio/oaraya_computer_architecture_1_2023/laboratorio2/problema3/moduloContadorRegresivoParametrizable.sv Line: 18
Info (10041): Inferred latch for "salidaContador[4]" at moduloContadorRegresivoParametrizable.sv(18) File: C:/Users/osaro/OneDrive/Escritorio/oaraya_computer_architecture_1_2023/laboratorio2/problema3/moduloContadorRegresivoParametrizable.sv Line: 18
Info (10041): Inferred latch for "salidaContador[5]" at moduloContadorRegresivoParametrizable.sv(18) File: C:/Users/osaro/OneDrive/Escritorio/oaraya_computer_architecture_1_2023/laboratorio2/problema3/moduloContadorRegresivoParametrizable.sv Line: 18
Info (12128): Elaborating entity "moduloDisplaySieteSegmentos" for hierarchy "moduloDisplaySieteSegmentos:instanciaModuloDisplaySieteSegmentos" File: C:/Users/osaro/OneDrive/Escritorio/oaraya_computer_architecture_1_2023/laboratorio2/problema3/problema3.sv Line: 33
Warning (10240): Verilog HDL Always Construct warning at moduloDisplaySieteSegmentos.sv(10): inferring latch(es) for variable "sieteSegmentos1", which holds its previous value in one or more paths through the always construct File: C:/Users/osaro/OneDrive/Escritorio/oaraya_computer_architecture_1_2023/laboratorio2/problema3/moduloDisplaySieteSegmentos.sv Line: 10
Warning (10240): Verilog HDL Always Construct warning at moduloDisplaySieteSegmentos.sv(10): inferring latch(es) for variable "sieteSegmentos2", which holds its previous value in one or more paths through the always construct File: C:/Users/osaro/OneDrive/Escritorio/oaraya_computer_architecture_1_2023/laboratorio2/problema3/moduloDisplaySieteSegmentos.sv Line: 10
Warning (10240): Verilog HDL Always Construct warning at moduloDisplaySieteSegmentos.sv(10): inferring latch(es) for variable "sieteSegmentos3", which holds its previous value in one or more paths through the always construct File: C:/Users/osaro/OneDrive/Escritorio/oaraya_computer_architecture_1_2023/laboratorio2/problema3/moduloDisplaySieteSegmentos.sv Line: 10
Warning (10240): Verilog HDL Always Construct warning at moduloDisplaySieteSegmentos.sv(10): inferring latch(es) for variable "sieteSegmentos4", which holds its previous value in one or more paths through the always construct File: C:/Users/osaro/OneDrive/Escritorio/oaraya_computer_architecture_1_2023/laboratorio2/problema3/moduloDisplaySieteSegmentos.sv Line: 10
Warning (10240): Verilog HDL Always Construct warning at moduloDisplaySieteSegmentos.sv(10): inferring latch(es) for variable "sieteSegmentos5", which holds its previous value in one or more paths through the always construct File: C:/Users/osaro/OneDrive/Escritorio/oaraya_computer_architecture_1_2023/laboratorio2/problema3/moduloDisplaySieteSegmentos.sv Line: 10
Info (10041): Inferred latch for "sieteSegmentos5[0]" at moduloDisplaySieteSegmentos.sv(22) File: C:/Users/osaro/OneDrive/Escritorio/oaraya_computer_architecture_1_2023/laboratorio2/problema3/moduloDisplaySieteSegmentos.sv Line: 22
Info (10041): Inferred latch for "sieteSegmentos5[1]" at moduloDisplaySieteSegmentos.sv(22) File: C:/Users/osaro/OneDrive/Escritorio/oaraya_computer_architecture_1_2023/laboratorio2/problema3/moduloDisplaySieteSegmentos.sv Line: 22
Info (10041): Inferred latch for "sieteSegmentos5[2]" at moduloDisplaySieteSegmentos.sv(22) File: C:/Users/osaro/OneDrive/Escritorio/oaraya_computer_architecture_1_2023/laboratorio2/problema3/moduloDisplaySieteSegmentos.sv Line: 22
Info (10041): Inferred latch for "sieteSegmentos5[3]" at moduloDisplaySieteSegmentos.sv(22) File: C:/Users/osaro/OneDrive/Escritorio/oaraya_computer_architecture_1_2023/laboratorio2/problema3/moduloDisplaySieteSegmentos.sv Line: 22
Info (10041): Inferred latch for "sieteSegmentos5[4]" at moduloDisplaySieteSegmentos.sv(22) File: C:/Users/osaro/OneDrive/Escritorio/oaraya_computer_architecture_1_2023/laboratorio2/problema3/moduloDisplaySieteSegmentos.sv Line: 22
Info (10041): Inferred latch for "sieteSegmentos5[5]" at moduloDisplaySieteSegmentos.sv(22) File: C:/Users/osaro/OneDrive/Escritorio/oaraya_computer_architecture_1_2023/laboratorio2/problema3/moduloDisplaySieteSegmentos.sv Line: 22
Info (10041): Inferred latch for "sieteSegmentos5[6]" at moduloDisplaySieteSegmentos.sv(22) File: C:/Users/osaro/OneDrive/Escritorio/oaraya_computer_architecture_1_2023/laboratorio2/problema3/moduloDisplaySieteSegmentos.sv Line: 22
Info (10041): Inferred latch for "sieteSegmentos4[0]" at moduloDisplaySieteSegmentos.sv(20) File: C:/Users/osaro/OneDrive/Escritorio/oaraya_computer_architecture_1_2023/laboratorio2/problema3/moduloDisplaySieteSegmentos.sv Line: 20
Info (10041): Inferred latch for "sieteSegmentos4[1]" at moduloDisplaySieteSegmentos.sv(20) File: C:/Users/osaro/OneDrive/Escritorio/oaraya_computer_architecture_1_2023/laboratorio2/problema3/moduloDisplaySieteSegmentos.sv Line: 20
Info (10041): Inferred latch for "sieteSegmentos4[2]" at moduloDisplaySieteSegmentos.sv(20) File: C:/Users/osaro/OneDrive/Escritorio/oaraya_computer_architecture_1_2023/laboratorio2/problema3/moduloDisplaySieteSegmentos.sv Line: 20
Info (10041): Inferred latch for "sieteSegmentos4[3]" at moduloDisplaySieteSegmentos.sv(20) File: C:/Users/osaro/OneDrive/Escritorio/oaraya_computer_architecture_1_2023/laboratorio2/problema3/moduloDisplaySieteSegmentos.sv Line: 20
Info (10041): Inferred latch for "sieteSegmentos4[4]" at moduloDisplaySieteSegmentos.sv(20) File: C:/Users/osaro/OneDrive/Escritorio/oaraya_computer_architecture_1_2023/laboratorio2/problema3/moduloDisplaySieteSegmentos.sv Line: 20
Info (10041): Inferred latch for "sieteSegmentos4[5]" at moduloDisplaySieteSegmentos.sv(20) File: C:/Users/osaro/OneDrive/Escritorio/oaraya_computer_architecture_1_2023/laboratorio2/problema3/moduloDisplaySieteSegmentos.sv Line: 20
Info (10041): Inferred latch for "sieteSegmentos4[6]" at moduloDisplaySieteSegmentos.sv(20) File: C:/Users/osaro/OneDrive/Escritorio/oaraya_computer_architecture_1_2023/laboratorio2/problema3/moduloDisplaySieteSegmentos.sv Line: 20
Info (10041): Inferred latch for "sieteSegmentos3[0]" at moduloDisplaySieteSegmentos.sv(18) File: C:/Users/osaro/OneDrive/Escritorio/oaraya_computer_architecture_1_2023/laboratorio2/problema3/moduloDisplaySieteSegmentos.sv Line: 18
Info (10041): Inferred latch for "sieteSegmentos3[1]" at moduloDisplaySieteSegmentos.sv(18) File: C:/Users/osaro/OneDrive/Escritorio/oaraya_computer_architecture_1_2023/laboratorio2/problema3/moduloDisplaySieteSegmentos.sv Line: 18
Info (10041): Inferred latch for "sieteSegmentos3[2]" at moduloDisplaySieteSegmentos.sv(18) File: C:/Users/osaro/OneDrive/Escritorio/oaraya_computer_architecture_1_2023/laboratorio2/problema3/moduloDisplaySieteSegmentos.sv Line: 18
Info (10041): Inferred latch for "sieteSegmentos3[3]" at moduloDisplaySieteSegmentos.sv(18) File: C:/Users/osaro/OneDrive/Escritorio/oaraya_computer_architecture_1_2023/laboratorio2/problema3/moduloDisplaySieteSegmentos.sv Line: 18
Info (10041): Inferred latch for "sieteSegmentos3[4]" at moduloDisplaySieteSegmentos.sv(18) File: C:/Users/osaro/OneDrive/Escritorio/oaraya_computer_architecture_1_2023/laboratorio2/problema3/moduloDisplaySieteSegmentos.sv Line: 18
Info (10041): Inferred latch for "sieteSegmentos3[5]" at moduloDisplaySieteSegmentos.sv(18) File: C:/Users/osaro/OneDrive/Escritorio/oaraya_computer_architecture_1_2023/laboratorio2/problema3/moduloDisplaySieteSegmentos.sv Line: 18
Info (10041): Inferred latch for "sieteSegmentos3[6]" at moduloDisplaySieteSegmentos.sv(18) File: C:/Users/osaro/OneDrive/Escritorio/oaraya_computer_architecture_1_2023/laboratorio2/problema3/moduloDisplaySieteSegmentos.sv Line: 18
Info (10041): Inferred latch for "sieteSegmentos2[0]" at moduloDisplaySieteSegmentos.sv(16) File: C:/Users/osaro/OneDrive/Escritorio/oaraya_computer_architecture_1_2023/laboratorio2/problema3/moduloDisplaySieteSegmentos.sv Line: 16
Info (10041): Inferred latch for "sieteSegmentos2[1]" at moduloDisplaySieteSegmentos.sv(16) File: C:/Users/osaro/OneDrive/Escritorio/oaraya_computer_architecture_1_2023/laboratorio2/problema3/moduloDisplaySieteSegmentos.sv Line: 16
Info (10041): Inferred latch for "sieteSegmentos2[2]" at moduloDisplaySieteSegmentos.sv(16) File: C:/Users/osaro/OneDrive/Escritorio/oaraya_computer_architecture_1_2023/laboratorio2/problema3/moduloDisplaySieteSegmentos.sv Line: 16
Info (10041): Inferred latch for "sieteSegmentos2[3]" at moduloDisplaySieteSegmentos.sv(16) File: C:/Users/osaro/OneDrive/Escritorio/oaraya_computer_architecture_1_2023/laboratorio2/problema3/moduloDisplaySieteSegmentos.sv Line: 16
Info (10041): Inferred latch for "sieteSegmentos2[4]" at moduloDisplaySieteSegmentos.sv(16) File: C:/Users/osaro/OneDrive/Escritorio/oaraya_computer_architecture_1_2023/laboratorio2/problema3/moduloDisplaySieteSegmentos.sv Line: 16
Info (10041): Inferred latch for "sieteSegmentos2[5]" at moduloDisplaySieteSegmentos.sv(16) File: C:/Users/osaro/OneDrive/Escritorio/oaraya_computer_architecture_1_2023/laboratorio2/problema3/moduloDisplaySieteSegmentos.sv Line: 16
Info (10041): Inferred latch for "sieteSegmentos2[6]" at moduloDisplaySieteSegmentos.sv(16) File: C:/Users/osaro/OneDrive/Escritorio/oaraya_computer_architecture_1_2023/laboratorio2/problema3/moduloDisplaySieteSegmentos.sv Line: 16
Info (10041): Inferred latch for "sieteSegmentos1[0]" at moduloDisplaySieteSegmentos.sv(14) File: C:/Users/osaro/OneDrive/Escritorio/oaraya_computer_architecture_1_2023/laboratorio2/problema3/moduloDisplaySieteSegmentos.sv Line: 14
Info (10041): Inferred latch for "sieteSegmentos1[1]" at moduloDisplaySieteSegmentos.sv(14) File: C:/Users/osaro/OneDrive/Escritorio/oaraya_computer_architecture_1_2023/laboratorio2/problema3/moduloDisplaySieteSegmentos.sv Line: 14
Info (10041): Inferred latch for "sieteSegmentos1[2]" at moduloDisplaySieteSegmentos.sv(14) File: C:/Users/osaro/OneDrive/Escritorio/oaraya_computer_architecture_1_2023/laboratorio2/problema3/moduloDisplaySieteSegmentos.sv Line: 14
Info (10041): Inferred latch for "sieteSegmentos1[3]" at moduloDisplaySieteSegmentos.sv(14) File: C:/Users/osaro/OneDrive/Escritorio/oaraya_computer_architecture_1_2023/laboratorio2/problema3/moduloDisplaySieteSegmentos.sv Line: 14
Info (10041): Inferred latch for "sieteSegmentos1[4]" at moduloDisplaySieteSegmentos.sv(14) File: C:/Users/osaro/OneDrive/Escritorio/oaraya_computer_architecture_1_2023/laboratorio2/problema3/moduloDisplaySieteSegmentos.sv Line: 14
Info (10041): Inferred latch for "sieteSegmentos1[5]" at moduloDisplaySieteSegmentos.sv(14) File: C:/Users/osaro/OneDrive/Escritorio/oaraya_computer_architecture_1_2023/laboratorio2/problema3/moduloDisplaySieteSegmentos.sv Line: 14
Info (10041): Inferred latch for "sieteSegmentos1[6]" at moduloDisplaySieteSegmentos.sv(14) File: C:/Users/osaro/OneDrive/Escritorio/oaraya_computer_architecture_1_2023/laboratorio2/problema3/moduloDisplaySieteSegmentos.sv Line: 14
Warning (12011): Net is missing source, defaulting to GND
    Warning (12110): Net "salidaContador[6]" is missing source, defaulting to GND File: C:/Users/osaro/OneDrive/Escritorio/oaraya_computer_architecture_1_2023/laboratorio2/problema3/problema3.sv Line: 13
Warning (12241): 2 hierarchies have connectivity warnings - see the Connectivity Checks report folder
Warning (13012): Latch moduloContadorRegresivoParametrizable:instanciaModuloContadorRegresivoParametrizable|salidaContador[5] has unsafe behavior File: C:/Users/osaro/OneDrive/Escritorio/oaraya_computer_architecture_1_2023/laboratorio2/problema3/moduloContadorRegresivoParametrizable.sv Line: 18
    Warning (13013): Ports D and ENA on the latch are fed by the same signal moduloContadorRegresivoParametrizable:instanciaModuloContadorRegresivoParametrizable|cuentaIniciada File: C:/Users/osaro/OneDrive/Escritorio/oaraya_computer_architecture_1_2023/laboratorio2/problema3/moduloContadorRegresivoParametrizable.sv Line: 8
Warning (13012): Latch moduloContadorRegresivoParametrizable:instanciaModuloContadorRegresivoParametrizable|salidaContador[4] has unsafe behavior File: C:/Users/osaro/OneDrive/Escritorio/oaraya_computer_architecture_1_2023/laboratorio2/problema3/moduloContadorRegresivoParametrizable.sv Line: 18
    Warning (13013): Ports D and ENA on the latch are fed by the same signal moduloContadorRegresivoParametrizable:instanciaModuloContadorRegresivoParametrizable|cuentaIniciada File: C:/Users/osaro/OneDrive/Escritorio/oaraya_computer_architecture_1_2023/laboratorio2/problema3/moduloContadorRegresivoParametrizable.sv Line: 8
Warning (13012): Latch moduloContadorRegresivoParametrizable:instanciaModuloContadorRegresivoParametrizable|salidaContador[3] has unsafe behavior File: C:/Users/osaro/OneDrive/Escritorio/oaraya_computer_architecture_1_2023/laboratorio2/problema3/moduloContadorRegresivoParametrizable.sv Line: 18
    Warning (13013): Ports D and ENA on the latch are fed by the same signal moduloContadorRegresivoParametrizable:instanciaModuloContadorRegresivoParametrizable|cuentaIniciada File: C:/Users/osaro/OneDrive/Escritorio/oaraya_computer_architecture_1_2023/laboratorio2/problema3/moduloContadorRegresivoParametrizable.sv Line: 8
Warning (13012): Latch moduloContadorRegresivoParametrizable:instanciaModuloContadorRegresivoParametrizable|salidaContador[2] has unsafe behavior File: C:/Users/osaro/OneDrive/Escritorio/oaraya_computer_architecture_1_2023/laboratorio2/problema3/moduloContadorRegresivoParametrizable.sv Line: 18
    Warning (13013): Ports D and ENA on the latch are fed by the same signal moduloContadorRegresivoParametrizable:instanciaModuloContadorRegresivoParametrizable|cuentaIniciada File: C:/Users/osaro/OneDrive/Escritorio/oaraya_computer_architecture_1_2023/laboratorio2/problema3/moduloContadorRegresivoParametrizable.sv Line: 8
Warning (13012): Latch moduloContadorRegresivoParametrizable:instanciaModuloContadorRegresivoParametrizable|salidaContador[1] has unsafe behavior File: C:/Users/osaro/OneDrive/Escritorio/oaraya_computer_architecture_1_2023/laboratorio2/problema3/moduloContadorRegresivoParametrizable.sv Line: 18
    Warning (13013): Ports D and ENA on the latch are fed by the same signal moduloContadorRegresivoParametrizable:instanciaModuloContadorRegresivoParametrizable|cuentaIniciada File: C:/Users/osaro/OneDrive/Escritorio/oaraya_computer_architecture_1_2023/laboratorio2/problema3/moduloContadorRegresivoParametrizable.sv Line: 8
Warning (13012): Latch moduloContadorRegresivoParametrizable:instanciaModuloContadorRegresivoParametrizable|salidaContador[0] has unsafe behavior File: C:/Users/osaro/OneDrive/Escritorio/oaraya_computer_architecture_1_2023/laboratorio2/problema3/moduloContadorRegresivoParametrizable.sv Line: 18
    Warning (13013): Ports D and ENA on the latch are fed by the same signal moduloContadorRegresivoParametrizable:instanciaModuloContadorRegresivoParametrizable|cuentaIniciada File: C:/Users/osaro/OneDrive/Escritorio/oaraya_computer_architecture_1_2023/laboratorio2/problema3/moduloContadorRegresivoParametrizable.sv Line: 8
Warning (13024): Output pins are stuck at VCC or GND
    Warning (13410): Pin "sieteSegmentos0[0]" is stuck at VCC File: C:/Users/osaro/OneDrive/Escritorio/oaraya_computer_architecture_1_2023/laboratorio2/problema3/problema3.sv Line: 6
    Warning (13410): Pin "sieteSegmentos0[4]" is stuck at GND File: C:/Users/osaro/OneDrive/Escritorio/oaraya_computer_architecture_1_2023/laboratorio2/problema3/problema3.sv Line: 6
    Warning (13410): Pin "sieteSegmentos0[5]" is stuck at GND File: C:/Users/osaro/OneDrive/Escritorio/oaraya_computer_architecture_1_2023/laboratorio2/problema3/problema3.sv Line: 6
    Warning (13410): Pin "sieteSegmentos1[0]" is stuck at VCC File: C:/Users/osaro/OneDrive/Escritorio/oaraya_computer_architecture_1_2023/laboratorio2/problema3/problema3.sv Line: 7
    Warning (13410): Pin "sieteSegmentos1[1]" is stuck at GND File: C:/Users/osaro/OneDrive/Escritorio/oaraya_computer_architecture_1_2023/laboratorio2/problema3/problema3.sv Line: 7
    Warning (13410): Pin "sieteSegmentos1[2]" is stuck at GND File: C:/Users/osaro/OneDrive/Escritorio/oaraya_computer_architecture_1_2023/laboratorio2/problema3/problema3.sv Line: 7
    Warning (13410): Pin "sieteSegmentos1[3]" is stuck at GND File: C:/Users/osaro/OneDrive/Escritorio/oaraya_computer_architecture_1_2023/laboratorio2/problema3/problema3.sv Line: 7
    Warning (13410): Pin "sieteSegmentos1[4]" is stuck at GND File: C:/Users/osaro/OneDrive/Escritorio/oaraya_computer_architecture_1_2023/laboratorio2/problema3/problema3.sv Line: 7
    Warning (13410): Pin "sieteSegmentos1[5]" is stuck at GND File: C:/Users/osaro/OneDrive/Escritorio/oaraya_computer_architecture_1_2023/laboratorio2/problema3/problema3.sv Line: 7
    Warning (13410): Pin "sieteSegmentos1[6]" is stuck at GND File: C:/Users/osaro/OneDrive/Escritorio/oaraya_computer_architecture_1_2023/laboratorio2/problema3/problema3.sv Line: 7
    Warning (13410): Pin "sieteSegmentos2[0]" is stuck at VCC File: C:/Users/osaro/OneDrive/Escritorio/oaraya_computer_architecture_1_2023/laboratorio2/problema3/problema3.sv Line: 8
    Warning (13410): Pin "sieteSegmentos2[1]" is stuck at GND File: C:/Users/osaro/OneDrive/Escritorio/oaraya_computer_architecture_1_2023/laboratorio2/problema3/problema3.sv Line: 8
    Warning (13410): Pin "sieteSegmentos2[2]" is stuck at GND File: C:/Users/osaro/OneDrive/Escritorio/oaraya_computer_architecture_1_2023/laboratorio2/problema3/problema3.sv Line: 8
    Warning (13410): Pin "sieteSegmentos2[3]" is stuck at GND File: C:/Users/osaro/OneDrive/Escritorio/oaraya_computer_architecture_1_2023/laboratorio2/problema3/problema3.sv Line: 8
    Warning (13410): Pin "sieteSegmentos2[4]" is stuck at GND File: C:/Users/osaro/OneDrive/Escritorio/oaraya_computer_architecture_1_2023/laboratorio2/problema3/problema3.sv Line: 8
    Warning (13410): Pin "sieteSegmentos2[5]" is stuck at GND File: C:/Users/osaro/OneDrive/Escritorio/oaraya_computer_architecture_1_2023/laboratorio2/problema3/problema3.sv Line: 8
    Warning (13410): Pin "sieteSegmentos2[6]" is stuck at GND File: C:/Users/osaro/OneDrive/Escritorio/oaraya_computer_architecture_1_2023/laboratorio2/problema3/problema3.sv Line: 8
    Warning (13410): Pin "sieteSegmentos3[0]" is stuck at VCC File: C:/Users/osaro/OneDrive/Escritorio/oaraya_computer_architecture_1_2023/laboratorio2/problema3/problema3.sv Line: 9
    Warning (13410): Pin "sieteSegmentos3[1]" is stuck at GND File: C:/Users/osaro/OneDrive/Escritorio/oaraya_computer_architecture_1_2023/laboratorio2/problema3/problema3.sv Line: 9
    Warning (13410): Pin "sieteSegmentos3[2]" is stuck at GND File: C:/Users/osaro/OneDrive/Escritorio/oaraya_computer_architecture_1_2023/laboratorio2/problema3/problema3.sv Line: 9
    Warning (13410): Pin "sieteSegmentos3[3]" is stuck at GND File: C:/Users/osaro/OneDrive/Escritorio/oaraya_computer_architecture_1_2023/laboratorio2/problema3/problema3.sv Line: 9
    Warning (13410): Pin "sieteSegmentos3[4]" is stuck at GND File: C:/Users/osaro/OneDrive/Escritorio/oaraya_computer_architecture_1_2023/laboratorio2/problema3/problema3.sv Line: 9
    Warning (13410): Pin "sieteSegmentos3[5]" is stuck at GND File: C:/Users/osaro/OneDrive/Escritorio/oaraya_computer_architecture_1_2023/laboratorio2/problema3/problema3.sv Line: 9
    Warning (13410): Pin "sieteSegmentos3[6]" is stuck at GND File: C:/Users/osaro/OneDrive/Escritorio/oaraya_computer_architecture_1_2023/laboratorio2/problema3/problema3.sv Line: 9
    Warning (13410): Pin "sieteSegmentos4[0]" is stuck at VCC File: C:/Users/osaro/OneDrive/Escritorio/oaraya_computer_architecture_1_2023/laboratorio2/problema3/problema3.sv Line: 10
    Warning (13410): Pin "sieteSegmentos4[1]" is stuck at GND File: C:/Users/osaro/OneDrive/Escritorio/oaraya_computer_architecture_1_2023/laboratorio2/problema3/problema3.sv Line: 10
    Warning (13410): Pin "sieteSegmentos4[2]" is stuck at GND File: C:/Users/osaro/OneDrive/Escritorio/oaraya_computer_architecture_1_2023/laboratorio2/problema3/problema3.sv Line: 10
    Warning (13410): Pin "sieteSegmentos4[3]" is stuck at GND File: C:/Users/osaro/OneDrive/Escritorio/oaraya_computer_architecture_1_2023/laboratorio2/problema3/problema3.sv Line: 10
    Warning (13410): Pin "sieteSegmentos4[4]" is stuck at GND File: C:/Users/osaro/OneDrive/Escritorio/oaraya_computer_architecture_1_2023/laboratorio2/problema3/problema3.sv Line: 10
    Warning (13410): Pin "sieteSegmentos4[5]" is stuck at GND File: C:/Users/osaro/OneDrive/Escritorio/oaraya_computer_architecture_1_2023/laboratorio2/problema3/problema3.sv Line: 10
    Warning (13410): Pin "sieteSegmentos4[6]" is stuck at GND File: C:/Users/osaro/OneDrive/Escritorio/oaraya_computer_architecture_1_2023/laboratorio2/problema3/problema3.sv Line: 10
    Warning (13410): Pin "sieteSegmentos5[0]" is stuck at VCC File: C:/Users/osaro/OneDrive/Escritorio/oaraya_computer_architecture_1_2023/laboratorio2/problema3/problema3.sv Line: 11
    Warning (13410): Pin "sieteSegmentos5[1]" is stuck at GND File: C:/Users/osaro/OneDrive/Escritorio/oaraya_computer_architecture_1_2023/laboratorio2/problema3/problema3.sv Line: 11
    Warning (13410): Pin "sieteSegmentos5[2]" is stuck at GND File: C:/Users/osaro/OneDrive/Escritorio/oaraya_computer_architecture_1_2023/laboratorio2/problema3/problema3.sv Line: 11
    Warning (13410): Pin "sieteSegmentos5[3]" is stuck at GND File: C:/Users/osaro/OneDrive/Escritorio/oaraya_computer_architecture_1_2023/laboratorio2/problema3/problema3.sv Line: 11
    Warning (13410): Pin "sieteSegmentos5[4]" is stuck at GND File: C:/Users/osaro/OneDrive/Escritorio/oaraya_computer_architecture_1_2023/laboratorio2/problema3/problema3.sv Line: 11
    Warning (13410): Pin "sieteSegmentos5[5]" is stuck at GND File: C:/Users/osaro/OneDrive/Escritorio/oaraya_computer_architecture_1_2023/laboratorio2/problema3/problema3.sv Line: 11
    Warning (13410): Pin "sieteSegmentos5[6]" is stuck at GND File: C:/Users/osaro/OneDrive/Escritorio/oaraya_computer_architecture_1_2023/laboratorio2/problema3/problema3.sv Line: 11
Info (286030): Timing-Driven Synthesis is running
Info (16010): Generating hard_block partition "hard_block:auto_generated_inst"
    Info (16011): Adding 0 node(s), including 0 DDIO, 0 PLL, 0 transceiver and 0 LCELL
Info (21057): Implemented 78 device resources after synthesis - the final resource count might be different
    Info (21058): Implemented 4 input pins
    Info (21059): Implemented 42 output pins
    Info (21061): Implemented 32 logic cells
Info: Quartus Prime Analysis & Synthesis was successful. 0 errors, 71 warnings
    Info: Peak virtual memory: 4868 megabytes
    Info: Processing ended: Tue Mar 14 02:18:22 2023
    Info: Elapsed time: 00:00:19
    Info: Total CPU time (on all processors): 00:00:44


